SF:lib/src/core/network/atproto/data/models/feed_models.dart
DA:61,4
DA:63,2
DA:68,0
DA:75,0
DA:76,0
DA:79,1
DA:80,1
DA:81,2
DA:87,4
DA:88,2
DA:89,0
DA:90,0
DA:91,0
DA:92,0
DA:93,0
DA:94,0
DA:95,0
DA:96,0
DA:97,0
DA:101,0
DA:102,0
DA:107,0
DA:108,0
DA:112,0
DA:113,0
DA:119,0
DA:120,0
DA:121,0
DA:122,0
DA:124,0
DA:127,0
DA:128,0
DA:129,0
DA:130,0
DA:131,0
DA:133,0
DA:134,0
DA:135,0
DA:139,0
DA:140,0
DA:142,0
DA:143,0
DA:144,0
DA:145,0
DA:147,0
DA:148,0
DA:149,0
DA:150,0
DA:151,0
DA:152,0
DA:153,0
DA:154,0
DA:155,0
DA:156,0
DA:157,0
DA:159,0
DA:167,0
DA:168,0
DA:170,0
DA:171,0
DA:172,0
DA:173,0
DA:174,0
DA:176,0
DA:177,0
DA:178,0
DA:181,0
DA:182,0
DA:184,0
DA:185,0
DA:186,0
DA:187,0
DA:195,1
DA:197,2
DA:203,1
DA:204,1
DA:205,1
DA:207,2
DA:209,2
DA:214,1
DA:215,1
DA:218,0
DA:220,0
DA:221,0
DA:223,0
DA:224,0
DA:225,0
DA:226,0
DA:227,0
DA:235,1
DA:236,1
DA:238,2
DA:239,1
DA:240,0
DA:241,0
DA:242,0
DA:243,0
DA:244,0
DA:245,0
DA:249,0
DA:253,1
DA:254,1
DA:256,1
DA:257,0
DA:258,2
DA:259,1
DA:260,0
DA:261,0
DA:262,0
DA:263,0
DA:264,0
DA:265,0
DA:267,0
DA:268,0
DA:269,0
DA:272,0
DA:274,0
DA:280,2
DA:282,3
DA:284,4
DA:286,3
DA:288,6
DA:289,2
DA:295,2
DA:296,2
DA:297,2
DA:299,0
DA:300,0
DA:301,0
DA:304,0
DA:305,0
DA:306,0
DA:308,0
DA:310,0
DA:311,0
DA:312,0
DA:317,6
DA:319,0
DA:321,2
DA:323,0
DA:325,0
DA:327,0
DA:328,0
DA:330,0
DA:334,1
DA:335,1
DA:340,1
DA:341,1
DA:343,2
DA:344,1
DA:345,0
DA:346,0
DA:347,0
DA:355,2
DA:356,2
DA:359,4
DA:360,10
DA:361,2
DA:362,2
DA:363,1
DA:364,1
DA:365,2
DA:367,0
DA:368,0
DA:369,0
DA:371,0
DA:372,0
DA:373,0
DA:383,8
DA:384,2
DA:387,2
DA:388,2
DA:390,3
DA:391,1
DA:392,3
DA:393,5
DA:394,2
DA:395,2
DA:396,1
DA:397,1
DA:398,1
DA:401,0
DA:402,0
DA:403,0
DA:404,0
DA:406,0
DA:407,0
DA:424,0
DA:426,0
DA:427,0
DA:436,4
DA:438,2
DA:439,2
DA:452,1
DA:455,1
DA:456,1
DA:462,1
DA:494,1
DA:495,1
DA:508,1
DA:511,2
DA:516,2
DA:524,0
DA:525,0
DA:528,2
DA:529,6
DA:530,3
DA:533,1
DA:534,3
DA:535,0
DA:538,1
DA:539,3
DA:540,0
DA:541,0
DA:542,0
DA:543,0
DA:544,0
DA:548,1
DA:549,3
DA:550,0
DA:553,0
DA:554,0
DA:555,0
DA:558,0
DA:559,0
DA:560,0
DA:563,1
DA:564,3
DA:565,0
DA:566,0
DA:567,0
DA:568,0
DA:569,0
DA:572,0
DA:573,0
DA:574,0
DA:577,0
DA:578,0
DA:579,0
DA:582,0
DA:583,0
DA:584,0
DA:587,0
DA:588,0
DA:589,0
DA:592,0
DA:593,0
DA:594,0
DA:600,3
DA:626,2
DA:632,0
DA:636,0
DA:642,1
DA:646,1
DA:647,0
DA:650,0
DA:654,0
DA:655,0
DA:657,0
DA:658,0
DA:661,0
DA:662,0
DA:663,0
DA:664,0
DA:665,0
DA:672,0
DA:676,0
DA:677,0
DA:678,0
DA:679,0
DA:680,0
DA:681,0
DA:684,0
DA:689,0
DA:691,0
DA:694,0
DA:703,1
DA:704,3
DA:706,1
DA:707,1
DA:708,1
DA:709,1
DA:711,1
DA:713,1
DA:717,1
DA:722,0
DA:723,0
DA:724,0
DA:725,0
DA:726,0
DA:727,0
DA:729,0
DA:735,0
DA:736,0
DA:737,0
DA:740,0
DA:742,0
DA:743,0
DA:744,0
DA:746,0
DA:753,1
DA:755,1
DA:756,1
DA:757,0
DA:759,0
DA:760,0
DA:764,1
DA:765,0
DA:766,0
DA:769,0
DA:770,0
DA:772,0
DA:777,0
DA:778,0
DA:779,0
DA:780,0
DA:781,0
DA:786,0
DA:787,0
DA:788,0
DA:789,0
DA:790,0
DA:797,0
DA:798,0
DA:800,0
DA:804,0
DA:807,0
DA:808,0
DA:810,0
DA:815,0
DA:816,0
DA:818,0
DA:823,0
DA:824,0
DA:826,0
DA:827,0
DA:832,0
DA:833,0
DA:835,0
DA:838,0
DA:840,0
DA:845,0
DA:846,0
DA:848,0
DA:853,0
DA:854,0
DA:855,0
DA:856,0
DA:857,0
DA:858,0
DA:859,0
DA:860,0
DA:863,0
DA:872,0
DA:877,1
DA:878,0
DA:879,0
DA:880,0
DA:883,0
DA:884,0
DA:885,0
DA:892,1
DA:895,0
DA:897,0
DA:898,0
DA:899,0
DA:901,0
DA:902,0
DA:903,0
DA:904,0
DA:907,1
DA:909,0
DA:911,0
DA:918,3
DA:919,2
DA:920,0
DA:924,1
DA:925,1
DA:927,1
DA:931,1
DA:932,2
DA:933,0
DA:935,0
DA:937,0
DA:938,0
DA:939,0
DA:941,0
DA:949,0
DA:951,0
DA:953,0
DA:954,0
DA:955,0
DA:958,0
DA:962,1
DA:966,0
DA:967,0
DA:968,0
DA:969,0
DA:971,0
DA:973,0
DA:974,0
DA:978,1
LF:402
LH:116
end_of_record
SF:lib/src/core/network/atproto/data/models/feed_models.g.dart
DA:9,2
DA:10,1
DA:11,2
DA:12,1
DA:14,0
DA:17,2
DA:18,1
DA:19,2
DA:20,1
DA:23,0
DA:25,0
DA:26,0
DA:27,0
DA:30,0
DA:32,0
DA:33,0
DA:34,0
DA:37,0
DA:38,0
DA:39,0
DA:40,0
DA:41,0
DA:44,0
DA:45,0
DA:46,0
DA:47,0
DA:48,0
DA:51,4
DA:52,2
DA:54,2
DA:55,3
DA:56,1
DA:60,0
DA:61,0
DA:62,0
DA:63,0
DA:66,2
DA:67,2
DA:68,2
DA:71,0
DA:72,0
DA:73,0
DA:74,0
DA:77,0
DA:78,0
DA:79,0
DA:80,0
DA:83,0
DA:84,0
DA:86,0
DA:87,0
DA:88,0
DA:91,0
DA:92,0
DA:94,0
DA:95,0
DA:97,0
DA:98,0
DA:100,0
DA:101,0
DA:102,0
DA:103,0
DA:106,0
DA:107,0
DA:109,0
DA:110,0
DA:111,0
DA:112,0
DA:115,0
DA:116,0
DA:117,0
DA:118,0
DA:121,1
DA:122,1
DA:123,1
DA:124,1
DA:127,0
DA:128,0
DA:130,2
DA:131,2
DA:132,1
DA:133,3
DA:134,1
DA:137,0
DA:138,0
DA:139,0
DA:142,0
DA:143,0
DA:144,0
DA:145,0
DA:148,0
DA:149,0
DA:151,0
DA:152,0
DA:153,0
DA:154,0
DA:157,0
DA:158,0
DA:159,0
DA:160,0
DA:163,0
DA:164,0
DA:165,0
DA:166,0
DA:168,0
DA:169,0
DA:170,0
DA:171,0
DA:172,0
DA:174,0
DA:175,0
DA:178,0
DA:179,0
DA:180,0
DA:181,0
DA:182,0
DA:183,0
DA:184,0
DA:187,2
DA:188,2
DA:189,1
DA:190,1
DA:193,0
DA:194,0
DA:195,0
DA:196,0
DA:197,0
DA:200,0
DA:201,0
DA:202,0
DA:203,0
DA:204,0
DA:207,0
DA:208,0
DA:209,0
DA:210,0
DA:211,0
DA:212,0
LF:138
LH:29
end_of_record
SF:lib/src/core/network/atproto/data/models/record_models.dart
DA:23,8
DA:24,6
DA:62,0
DA:64,0
DA:65,0
DA:66,0
DA:67,0
DA:69,0
DA:73,0
DA:74,0
DA:75,0
DA:80,1
DA:81,1
DA:82,1
DA:83,1
DA:84,2
DA:88,1
DA:89,1
DA:100,2
DA:102,0
DA:103,0
DA:108,5
DA:147,2
DA:151,2
DA:153,1
DA:154,1
DA:155,2
DA:156,2
DA:160,1
DA:164,2
DA:168,1
DA:169,1
DA:170,2
DA:172,1
DA:173,1
DA:174,1
DA:175,1
DA:182,1
DA:183,4
DA:184,3
DA:187,0
DA:189,1
DA:192,1
DA:193,3
DA:194,3
DA:195,3
DA:198,0
DA:199,0
DA:201,0
DA:202,0
DA:204,1
DA:205,1
DA:206,1
DA:207,1
DA:208,1
DA:212,1
DA:224,0
DA:226,0
DA:227,0
DA:237,0
DA:239,0
LF:61
LH:40
end_of_record
SF:lib/src/core/network/atproto/data/models/record_models.g.dart
DA:9,5
DA:10,5
DA:11,2
DA:13,4
DA:14,2
DA:16,0
DA:17,2
DA:18,2
DA:19,2
DA:20,0
DA:21,0
DA:22,2
DA:23,0
DA:24,0
DA:25,2
DA:27,2
DA:28,2
DA:30,0
DA:31,2
DA:34,0
DA:35,0
DA:36,0
DA:37,0
DA:38,0
DA:39,0
DA:40,0
DA:41,0
DA:42,0
DA:43,0
DA:44,0
DA:45,0
DA:48,0
DA:49,0
DA:50,0
DA:51,0
DA:53,0
DA:54,0
DA:55,0
DA:56,0
DA:57,0
DA:58,0
DA:60,0
DA:61,0
DA:64,0
DA:65,0
DA:66,0
DA:67,0
DA:68,0
DA:69,0
DA:70,0
DA:71,0
DA:72,0
DA:75,1
DA:76,1
DA:77,1
DA:79,0
DA:80,1
DA:82,1
DA:83,1
DA:84,1
DA:85,0
DA:86,1
DA:88,0
DA:89,1
DA:90,0
DA:91,0
DA:92,1
DA:93,1
DA:94,0
DA:95,0
DA:96,1
DA:98,0
DA:99,1
DA:102,0
DA:103,0
DA:104,0
DA:105,0
DA:106,0
DA:107,0
DA:108,0
DA:109,0
DA:110,0
DA:111,0
DA:112,0
DA:115,0
DA:116,0
DA:117,0
DA:118,0
DA:121,0
DA:122,0
DA:123,0
DA:124,0
DA:127,2
DA:128,2
DA:129,1
DA:130,1
DA:132,2
DA:133,1
DA:136,0
DA:137,0
DA:138,0
DA:139,0
DA:140,0
DA:141,0
DA:144,0
DA:145,0
DA:146,0
DA:147,0
DA:150,0
DA:151,0
DA:152,0
DA:153,0
DA:154,0
DA:157,0
DA:158,0
DA:159,0
DA:160,0
DA:161,0
DA:164,0
DA:165,0
DA:166,0
DA:167,0
DA:170,0
DA:171,0
DA:172,0
DA:173,0
DA:174,0
DA:177,0
DA:178,0
DA:179,0
DA:180,0
DA:181,0
DA:184,0
DA:185,0
DA:186,0
DA:187,0
DA:188,0
DA:189,0
DA:192,0
DA:193,0
DA:194,0
DA:195,0
DA:198,0
DA:199,0
DA:200,0
DA:201,0
DA:204,0
DA:205,0
DA:206,0
DA:207,0
DA:210,0
DA:212,0
DA:213,0
DA:214,0
DA:215,0
DA:218,0
DA:220,0
DA:221,0
DA:222,0
DA:223,0
DA:226,0
DA:227,0
DA:228,0
DA:229,0
DA:231,0
DA:234,0
DA:235,0
DA:236,0
DA:237,0
DA:240,0
DA:241,0
DA:242,0
DA:243,0
DA:244,0
DA:245,0
DA:247,0
DA:250,0
DA:251,0
DA:252,0
DA:253,0
DA:254,0
DA:255,0
DA:258,0
DA:259,0
DA:260,0
DA:263,0
DA:264,0
DA:265,0
LF:188
LH:32
end_of_record
SF:lib/src/core/network/atproto/data/models/story_embed_models.dart
DA:12,1
DA:13,1
DA:17,1
DA:18,2
DA:19,1
DA:24,2
DA:33,0
DA:34,0
DA:38,0
LF:9
LH:6
end_of_record
SF:lib/src/core/network/atproto/data/models/record_write_adapters.dart
DA:19,2
DA:20,2
DA:22,0
DA:25,2
DA:26,4
DA:27,2
DA:28,2
DA:29,2
DA:30,4
DA:31,2
DA:32,2
DA:33,2
DA:37,2
DA:38,2
DA:39,4
DA:40,6
DA:41,2
DA:42,4
DA:43,4
DA:45,4
DA:46,2
DA:47,4
DA:48,2
DA:52,3
DA:59,3
DA:60,3
DA:62,3
DA:63,3
DA:68,2
DA:69,2
DA:70,2
DA:71,4
DA:75,3
DA:76,3
DA:78,0
DA:79,0
DA:82,2
DA:84,8
DA:85,2
DA:86,2
DA:89,2
DA:92,1
DA:93,0
DA:94,0
DA:97,3
DA:98,1
DA:99,1
DA:100,2
DA:103,0
DA:107,1
DA:109,3
DA:110,1
DA:111,1
DA:113,0
DA:117,3
DA:119,9
DA:120,3
DA:121,3
DA:123,4
DA:124,1
DA:125,1
DA:128,1
DA:131,0
DA:135,0
DA:136,0
DA:139,2
DA:143,2
DA:144,2
DA:145,2
DA:149,2
DA:150,1
DA:151,2
DA:154,2
DA:155,0
DA:156,0
DA:157,0
DA:161,3
DA:162,1
DA:163,1
DA:164,1
DA:168,3
DA:171,2
DA:172,4
DA:175,2
DA:176,2
LF:85
LH:72
end_of_record
SF:lib/src/core/network/atproto/data/adapters/bsky/feed_adapter.dart
DA:22,2
DA:37,1
DA:38,1
DA:43,0
DA:44,0
DA:45,0
DA:48,0
DA:49,0
DA:54,0
DA:55,0
DA:60,0
DA:61,0
DA:62,0
DA:63,0
DA:64,0
DA:65,0
DA:76,0
DA:77,0
DA:78,0
DA:84,0
DA:85,0
DA:86,0
DA:87,0
DA:88,0
DA:98,0
DA:99,0
DA:100,0
DA:105,1
DA:106,1
DA:108,1
DA:111,2
DA:112,1
DA:113,1
DA:119,2
DA:120,1
DA:121,1
DA:124,1
DA:125,1
DA:126,1
DA:131,0
DA:132,0
DA:133,0
DA:134,0
DA:135,0
DA:136,0
DA:137,0
DA:142,0
DA:143,0
DA:144,0
DA:145,0
DA:147,0
DA:148,0
DA:149,0
DA:159,0
DA:160,0
DA:161,0
DA:162,0
DA:163,0
DA:166,0
DA:167,0
DA:168,0
DA:173,0
DA:174,0
DA:175,0
DA:176,0
DA:177,0
DA:178,0
DA:179,0
DA:188,0
DA:189,0
DA:190,0
DA:197,0
DA:201,0
DA:204,0
DA:205,0
DA:209,0
DA:210,0
DA:211,0
DA:212,0
DA:213,0
DA:214,0
DA:215,0
DA:221,0
DA:222,0
DA:223,0
DA:224,0
DA:225,0
DA:226,0
DA:227,0
DA:228,0
DA:244,1
DA:248,1
DA:249,1
DA:250,1
DA:251,1
DA:254,1
DA:255,1
DA:256,1
DA:257,1
DA:264,1
DA:265,1
DA:266,1
DA:267,1
DA:268,1
DA:270,1
DA:271,1
DA:276,1
DA:277,0
DA:279,0
DA:280,0
DA:283,1
DA:284,1
DA:285,1
DA:286,1
DA:293,0
DA:294,0
DA:295,0
DA:303,1
DA:307,1
DA:308,1
DA:310,1
DA:315,0
DA:317,1
DA:322,1
DA:326,1
DA:327,2
DA:328,1
DA:334,2
DA:335,1
DA:336,1
DA:338,1
DA:339,1
DA:340,2
DA:342,2
DA:344,1
DA:346,1
DA:347,0
DA:348,0
DA:352,1
DA:353,1
DA:356,2
DA:359,1
DA:360,1
DA:362,1
DA:364,1
DA:369,1
DA:371,1
DA:372,0
DA:373,0
DA:378,1
DA:379,2
DA:380,1
DA:381,1
DA:383,1
DA:385,0
DA:386,0
DA:387,0
DA:389,0
DA:390,0
DA:391,0
DA:392,0
DA:394,0
DA:395,0
DA:396,0
DA:397,0
DA:402,2
DA:403,1
DA:404,1
DA:406,1
DA:408,0
DA:409,0
DA:410,0
DA:412,0
DA:413,0
DA:414,0
DA:415,0
DA:417,0
DA:418,0
DA:419,0
DA:420,0
DA:427,0
DA:428,0
DA:429,0
DA:430,0
DA:432,0
DA:433,0
DA:434,0
DA:437,0
DA:438,0
DA:439,0
DA:440,0
DA:441,0
DA:450,0
DA:451,0
DA:452,0
DA:453,0
DA:454,0
DA:456,0
DA:461,0
DA:462,0
DA:465,0
DA:467,0
DA:468,0
DA:469,0
DA:472,0
DA:474,0
DA:475,0
DA:476,0
DA:479,0
DA:481,0
DA:482,0
DA:483,0
DA:486,0
DA:487,0
DA:488,0
DA:489,0
DA:490,0
DA:497,0
DA:503,0
DA:506,0
DA:507,0
DA:514,1
DA:521,1
DA:524,3
DA:531,1
DA:535,1
DA:536,1
DA:538,3
DA:540,1
DA:541,1
DA:542,1
DA:549,0
DA:554,0
DA:555,0
DA:556,0
DA:557,0
DA:558,0
DA:569,0
DA:574,0
DA:575,0
DA:576,0
DA:579,0
DA:580,0
DA:581,0
DA:582,0
DA:583,0
DA:585,0
DA:587,0
DA:597,0
DA:602,0
DA:604,0
DA:605,0
DA:608,0
DA:612,0
DA:615,0
DA:616,0
DA:618,0
DA:619,0
DA:621,0
DA:622,0
DA:624,0
DA:625,0
DA:627,0
DA:628,0
DA:632,0
DA:633,0
DA:634,0
DA:636,0
DA:637,0
DA:641,0
DA:644,0
DA:646,0
DA:647,0
DA:648,0
DA:649,0
DA:651,0
DA:652,0
DA:654,0
DA:655,0
DA:658,0
DA:661,0
DA:662,0
DA:665,0
DA:667,0
DA:668,0
DA:670,0
DA:671,0
DA:672,0
DA:674,0
DA:675,0
DA:677,0
DA:679,0
DA:684,0
DA:685,0
DA:691,0
DA:692,0
DA:693,0
DA:694,0
DA:695,0
DA:697,0
DA:700,0
DA:709,0
DA:710,0
DA:714,0
DA:715,0
DA:721,1
DA:727,1
DA:729,2
DA:732,0
DA:735,0
DA:737,0
DA:741,0
DA:742,0
DA:744,0
DA:745,0
DA:754,1
DA:755,1
DA:757,1
DA:758,2
DA:759,1
DA:766,0
DA:770,0
DA:772,0
DA:777,0
DA:780,0
DA:781,0
DA:782,0
DA:783,0
DA:784,0
DA:789,0
DA:790,0
DA:791,0
DA:793,0
DA:794,0
DA:802,0
DA:803,0
DA:804,0
DA:809,0
DA:814,0
DA:815,0
DA:816,0
DA:818,0
DA:820,0
DA:823,0
DA:825,0
DA:826,0
DA:830,0
DA:850,0
DA:851,0
DA:852,0
DA:853,0
DA:854,0
DA:855,0
DA:856,0
DA:857,0
DA:858,0
DA:861,0
DA:862,0
DA:863,0
DA:864,0
DA:865,0
DA:866,0
DA:867,0
DA:874,0
DA:875,0
DA:877,0
DA:887,0
DA:898,0
DA:908,0
DA:909,0
DA:918,0
DA:924,0
DA:930,0
DA:936,0
DA:937,0
DA:938,0
DA:939,0
DA:941,0
LF:378
LH:90
end_of_record
SF:lib/src/core/utils/json_utils.dart
DA:5,0
DA:6,0
DA:9,0
DA:10,0
DA:11,0
DA:12,0
DA:13,0
LF:7
LH:0
end_of_record
SF:lib/src/core/network/atproto/data/models/pref_models.dart
DA:36,1
DA:37,1
DA:39,4
DA:45,4
DA:46,3
DA:47,6
DA:49,4
DA:55,1
DA:56,2
DA:58,1
DA:59,2
DA:61,4
DA:66,4
DA:67,4
DA:71,4
DA:72,0
DA:78,3
DA:79,3
DA:80,9
DA:81,3
DA:82,3
DA:83,3
DA:86,2
DA:87,2
DA:88,4
DA:89,2
DA:91,4
DA:94,2
DA:97,1
DA:98,1
DA:99,2
DA:100,1
DA:102,2
DA:105,1
DA:108,0
DA:109,0
DA:110,0
DA:111,0
DA:113,0
DA:116,0
DA:119,0
DA:120,0
DA:121,0
DA:122,0
DA:124,0
DA:127,0
DA:130,0
DA:131,0
DA:132,0
DA:133,0
DA:134,0
DA:137,0
DA:138,0
DA:139,0
DA:142,0
DA:143,0
DA:144,0
DA:147,0
DA:148,0
DA:149,0
DA:154,3
DA:158,9
LF:62
LH:35
end_of_record
SF:lib/src/core/network/atproto/data/models/sound_models.dart
DA:22,1
DA:23,2
DA:25,1
DA:26,0
DA:27,2
DA:28,1
DA:29,0
DA:30,0
DA:31,0
DA:36,1
DA:38,2
DA:39,1
DA:41,0
DA:49,1
DA:50,2
DA:51,1
DA:57,2
LF:17
LH:12
end_of_record
SF:lib/src/core/network/atproto/data/models/labeler_models.dart
DA:34,0
DA:35,0
DA:36,0
DA:38,0
DA:50,0
DA:51,0
DA:52,0
DA:54,0
DA:66,0
DA:67,0
DA:68,0
DA:70,0
DA:84,5
DA:86,0
DA:87,0
LF:15
LH:1
end_of_record
SF:lib/src/core/network/atproto/data/models/labeler_models.g.dart
DA:9,0
DA:10,0
DA:11,0
DA:12,0
DA:13,0
DA:14,0
DA:15,0
DA:16,0
DA:19,0
DA:20,0
DA:21,0
DA:22,0
DA:23,0
DA:24,0
DA:25,0
DA:26,0
LF:16
LH:0
end_of_record
SF:lib/src/core/network/atproto/data/models/notification_models.dart
DA:18,6
LF:1
LH:1
end_of_record
SF:lib/src/core/pro_image_editor/story_mention_layer.dart
DA:15,1
DA:16,2
DA:17,1
DA:22,1
DA:23,1
DA:24,1
DA:28,1
DA:29,1
DA:30,2
DA:31,2
DA:32,1
DA:33,0
DA:38,1
DA:39,1
DA:40,1
DA:42,2
DA:45,1
DA:49,4
DA:53,2
DA:54,2
DA:55,1
DA:56,1
DA:58,2
DA:61,1
DA:66,2
DA:67,1
DA:71,1
DA:72,1
DA:76,6
DA:77,6
DA:78,1
DA:81,1
DA:82,1
DA:83,1
DA:84,4
DA:88,1
DA:89,1
DA:90,1
DA:91,1
DA:92,3
DA:93,3
DA:94,3
DA:95,3
DA:98,2
DA:108,1
DA:109,2
DA:110,1
DA:111,0
DA:112,0
DA:115,2
DA:116,1
DA:117,1
DA:120,3
DA:121,2
DA:125,2
DA:127,3
DA:128,2
DA:131,1
DA:132,3
DA:136,4
DA:139,1
DA:140,2
DA:141,1
DA:142,2
LF:64
LH:61
end_of_record
SF:lib/src/core/ui/widgets/story_mention_chip.dart
DA:8,1
DA:21,0
DA:23,0
DA:24,0
DA:25,0
DA:26,0
DA:27,0
DA:30,0
DA:34,0
DA:38,1
DA:44,1
DA:48,1
DA:49,1
DA:51,1
DA:54,1
DA:58,1
DA:59,1
DA:61,1
DA:62,1
DA:64,1
DA:66,1
DA:67,0
DA:68,0
DA:69,0
DA:70,0
DA:71,0
DA:80,1
DA:82,5
DA:86,0
DA:98,0
DA:100,0
DA:101,0
DA:102,0
DA:103,0
DA:104,0
DA:107,0
DA:109,0
DA:110,0
DA:111,0
DA:112,0
DA:113,0
DA:119,0
DA:122,0
DA:123,0
DA:126,0
DA:128,0
DA:129,0
DA:130,0
DA:132,0
DA:136,0
DA:137,0
DA:138,0
DA:140,0
DA:142,0
DA:143,0
DA:144,0
DA:145,0
DA:146,0
DA:147,0
DA:148,0
DA:149,0
DA:166,1
DA:176,1
DA:180,1
DA:181,2
DA:186,1
DA:188,2
LF:67
LH:21
end_of_record
SF:lib/src/core/design_system/tokens/colors.dart
DA:248,0
LF:1
LH:0
end_of_record
SF:lib/src/core/pro_video_editor/ui/controllers/audio_audition_controller.dart
DA:15,2
DA:28,2
DA:38,2
DA:39,6
DA:41,1
DA:44,2
DA:49,2
DA:50,2
DA:51,2
DA:54,2
DA:55,0
DA:62,2
DA:78,1
DA:81,2
DA:87,2
DA:88,2
DA:89,2
DA:90,2
DA:91,2
DA:92,1
DA:93,1
DA:94,2
DA:101,2
DA:112,1
DA:119,2
DA:139,4
DA:141,4
DA:142,2
DA:146,0
DA:148,2
DA:152,2
DA:153,4
DA:154,2
DA:155,2
DA:156,2
DA:165,4
DA:166,2
DA:167,4
DA:168,4
DA:171,2
DA:172,2
DA:173,2
DA:174,4
DA:175,2
DA:176,2
DA:181,2
DA:182,2
DA:183,2
DA:184,4
DA:185,2
DA:186,8
DA:190,4
DA:192,2
DA:195,2
DA:196,2
DA:197,4
DA:200,2
DA:201,1
DA:203,2
DA:205,2
DA:211,1
DA:212,1
DA:213,1
DA:214,1
DA:223,2
DA:224,2
DA:225,4
DA:228,2
DA:229,2
DA:230,2
DA:231,2
DA:232,2
DA:237,1
DA:242,1
DA:243,1
DA:246,1
DA:248,1
DA:249,1
DA:257,2
DA:264,4
DA:265,2
DA:266,2
DA:267,2
DA:268,2
DA:274,2
DA:278,2
DA:279,4
DA:281,4
DA:284,2
DA:289,4
DA:290,2
DA:291,2
DA:292,2
DA:293,4
DA:294,8
DA:297,4
DA:299,0
DA:300,0
DA:301,0
DA:302,0
DA:303,0
DA:306,0
DA:310,1
DA:311,1
DA:312,1
DA:313,1
DA:314,2
DA:315,1
DA:316,1
DA:319,4
DA:320,1
DA:322,3
DA:323,1
DA:327,1
DA:329,2
DA:331,0
DA:335,1
DA:336,1
DA:337,1
DA:338,1
DA:340,1
DA:341,1
DA:342,2
DA:343,2
DA:346,1
DA:347,1
DA:348,1
DA:349,1
DA:352,2
DA:353,2
DA:356,2
DA:357,2
DA:358,2
DA:359,2
DA:360,2
DA:361,2
DA:362,2
DA:363,4
DA:364,4
DA:365,4
DA:368,4
DA:369,2
DA:370,2
DA:373,2
DA:374,2
DA:375,4
DA:376,2
DA:377,2
DA:381,1
DA:390,1
DA:393,1
DA:394,1
DA:395,1
DA:396,3
DA:397,1
DA:398,2
DA:399,2
DA:402,1
DA:403,1
DA:404,1
DA:405,1
DA:406,1
DA:409,1
DA:410,2
DA:416,1
DA:417,1
DA:418,1
DA:419,2
DA:420,1
DA:421,1
DA:422,1
DA:423,1
DA:426,4
DA:427,1
DA:431,2
DA:432,2
DA:433,2
DA:434,4
DA:435,2
DA:436,2
DA:437,2
DA:438,2
DA:439,2
DA:440,2
DA:443,2
DA:444,2
DA:445,4
DA:446,4
DA:449,4
DA:450,2
DA:451,4
DA:452,2
DA:453,2
DA:457,0
DA:462,0
DA:464,0
DA:466,0
DA:473,4
DA:476,1
DA:482,2
DA:483,1
DA:484,1
DA:485,1
DA:486,2
DA:489,1
DA:490,2
DA:492,2
DA:494,0
DA:502,2
DA:503,2
DA:504,2
DA:505,2
DA:508,2
DA:509,2
DA:510,2
DA:511,4
DA:512,4
DA:515,2
DA:517,2
DA:518,2
DA:519,4
DA:520,2
DA:521,2
DA:522,4
DA:523,2
LF:225
LH:211
end_of_record
SF:lib/src/core/pro_video_editor/ui/controllers/audio_audition_playback.dart
DA:7,2
LF:1
LH:1
end_of_record
SF:lib/src/core/pro_video_editor/models/audio_audition_timing.dart
DA:3,3
DA:7,3
DA:8,3
DA:11,3
DA:16,3
DA:21,9
DA:22,3
DA:23,3
DA:26,6
DA:28,2
DA:29,3
DA:32,3
DA:35,3
DA:37,3
DA:38,3
DA:39,3
DA:40,6
DA:44,2
DA:49,2
DA:50,2
DA:51,2
DA:52,2
DA:53,2
DA:54,0
DA:56,2
DA:59,2
DA:64,2
DA:65,2
DA:66,8
DA:67,2
DA:68,2
DA:71,2
DA:77,8
DA:81,2
LF:34
LH:33
end_of_record
SF:lib/src/core/pro_video_editor/services/audio_helper_service.dart
DA:11,1
DA:12,1
DA:13,2
DA:17,1
DA:30,1
DA:35,1
DA:40,1
DA:41,1
DA:43,2
DA:45,1
DA:46,1
DA:49,1
DA:50,1
DA:54,3
DA:55,1
DA:56,1
DA:58,2
DA:62,1
DA:63,1
DA:64,1
DA:69,1
DA:75,1
DA:88,1
DA:89,2
DA:91,1
DA:93,1
DA:100,2
DA:109,1
DA:114,1
DA:115,2
DA:122,2
DA:126,0
DA:127,4
DA:140,0
DA:161,0
DA:162,0
DA:163,0
DA:165,0
DA:176,0
DA:177,0
DA:178,0
DA:179,0
DA:180,0
DA:181,0
DA:184,1
DA:185,2
DA:186,1
DA:187,2
DA:188,2
DA:191,1
DA:192,3
DA:194,1
DA:195,1
DA:196,4
DA:197,2
DA:198,1
DA:199,1
DA:204,1
DA:205,1
DA:206,1
DA:207,3
DA:209,1
DA:210,0
DA:212,1
DA:213,1
DA:214,1
DA:215,2
DA:218,0
DA:222,1
DA:229,1
DA:230,2
DA:231,2
DA:232,2
DA:233,0
DA:234,1
DA:235,1
DA:236,1
DA:237,1
DA:238,1
DA:239,1
DA:240,1
DA:246,2
DA:247,1
DA:248,3
DA:249,3
DA:250,2
DA:251,1
DA:252,3
DA:254,0
DA:255,0
DA:256,0
DA:257,0
DA:259,0
DA:260,0
DA:262,1
DA:263,1
DA:264,2
DA:265,1
DA:266,0
DA:269,1
DA:279,1
DA:285,1
DA:286,2
DA:287,1
DA:288,1
DA:295,1
DA:299,1
DA:306,1
DA:307,1
DA:308,1
DA:309,1
DA:310,1
DA:311,1
DA:312,1
DA:315,0
DA:318,2
DA:319,1
DA:320,3
DA:321,3
DA:322,2
DA:323,1
DA:325,3
DA:326,1
DA:327,2
DA:328,2
DA:329,1
DA:330,1
DA:331,1
DA:332,0
DA:337,1
DA:338,1
DA:339,3
DA:345,0
DA:346,0
DA:350,0
DA:351,0
DA:352,0
DA:355,0
DA:361,0
DA:362,0
DA:363,0
DA:364,0
DA:365,0
DA:366,0
DA:367,0
DA:368,0
DA:369,0
DA:370,0
DA:375,0
DA:376,0
DA:377,0
DA:382,1
DA:390,1
DA:391,1
DA:392,1
DA:393,1
DA:394,1
DA:395,1
DA:396,1
DA:401,1
DA:402,3
DA:403,2
DA:408,0
DA:413,1
DA:414,2
DA:415,1
DA:416,1
DA:417,2
DA:418,2
DA:419,1
DA:420,1
DA:421,2
DA:423,1
DA:424,1
DA:425,2
DA:426,3
DA:427,2
DA:432,3
DA:433,3
DA:434,2
DA:435,1
DA:437,2
DA:438,1
DA:440,1
DA:442,1
DA:444,3
DA:446,1
DA:447,3
DA:448,2
DA:450,1
DA:451,0
DA:454,1
DA:464,1
DA:471,2
DA:472,2
DA:473,2
DA:474,1
DA:475,4
DA:476,1
DA:479,1
DA:480,3
DA:481,1
DA:482,1
DA:483,1
DA:485,3
DA:488,3
DA:490,2
DA:500,1
DA:501,1
DA:502,1
DA:503,1
DA:510,1
DA:511,1
DA:512,1
DA:513,2
DA:516,1
DA:517,1
DA:518,1
DA:519,2
DA:520,1
DA:521,1
DA:522,2
DA:524,2
DA:525,3
DA:526,3
DA:531,0
DA:532,0
DA:533,0
DA:534,0
DA:535,0
DA:536,0
DA:542,0
DA:543,0
DA:544,0
DA:545,0
DA:546,0
DA:550,0
DA:551,0
DA:552,0
DA:556,0
DA:557,0
DA:558,0
LF:242
LH:180
end_of_record
SF:lib/src/core/pro_video_editor/ui/controllers/video_editor_media_session.dart
DA:13,1
DA:19,0
DA:20,1
DA:21,1
DA:31,1
DA:33,2
DA:36,2
DA:39,2
DA:41,2
DA:49,1
DA:50,1
DA:59,1
DA:60,3
DA:61,3
DA:64,1
DA:66,1
DA:70,1
DA:71,1
DA:72,7
DA:75,1
DA:80,2
DA:81,2
DA:83,4
DA:84,1
DA:85,1
DA:88,1
DA:90,2
DA:92,0
DA:96,1
DA:101,1
DA:102,1
DA:103,4
DA:104,1
DA:105,3
DA:106,4
DA:107,2
DA:109,1
DA:110,1
DA:111,1
DA:113,1
DA:114,2
DA:117,1
DA:122,1
DA:123,1
DA:124,1
DA:127,0
DA:132,0
DA:133,0
DA:135,0
DA:138,0
DA:141,1
DA:146,4
DA:147,2
DA:148,2
DA:149,0
DA:150,0
DA:151,0
DA:152,0
DA:153,0
DA:156,2
DA:157,4
DA:158,0
DA:159,0
DA:163,2
DA:164,2
DA:165,1
DA:166,4
DA:167,2
DA:168,1
DA:172,1
DA:173,2
DA:176,1
DA:177,1
DA:182,1
DA:188,0
DA:191,2
DA:193,4
DA:194,1
DA:195,1
DA:197,1
DA:198,2
DA:201,1
DA:207,1
DA:208,2
DA:210,1
DA:211,1
DA:212,1
DA:213,1
DA:219,1
DA:223,0
DA:224,0
DA:226,1
DA:232,2
DA:239,1
DA:245,2
DA:252,1
DA:258,2
DA:261,1
DA:267,2
DA:272,1
DA:285,0
DA:287,1
DA:291,1
DA:292,1
DA:293,2
DA:294,2
DA:295,2
DA:300,1
DA:301,1
DA:302,2
DA:304,1
DA:307,1
DA:309,1
DA:310,1
DA:312,1
DA:314,3
DA:315,4
DA:316,1
DA:318,1
DA:320,1
DA:324,1
DA:325,1
DA:326,1
DA:330,1
DA:331,1
DA:332,0
DA:335,1
DA:336,2
DA:337,1
DA:338,1
DA:339,1
DA:344,1
DA:356,1
DA:357,4
LF:134
LH:115
end_of_record
SF:lib/src/core/pro_video_editor/models/sound_audio_track.dart
DA:11,1
DA:12,1
DA:13,1
DA:14,1
DA:16,1
DA:17,1
DA:18,2
DA:19,1
DA:20,2
DA:21,1
DA:22,1
DA:24,1
DA:25,2
DA:26,1
DA:27,1
DA:28,1
DA:33,1
DA:34,3
DA:37,2
DA:44,4
DA:53,0
DA:56,0
DA:57,0
DA:58,0
DA:59,0
DA:66,0
DA:69,0
DA:70,0
DA:76,2
DA:79,2
DA:80,2
DA:81,2
DA:82,2
DA:83,2
DA:89,2
DA:92,2
DA:93,2
DA:94,2
DA:95,2
DA:96,2
DA:102,1
DA:103,1
DA:104,1
DA:105,1
DA:106,1
DA:107,2
DA:108,1
DA:110,1
DA:111,4
DA:116,1
DA:117,1
DA:118,1
DA:119,1
DA:120,1
DA:121,2
DA:122,1
DA:124,1
DA:125,4
DA:130,1
DA:131,1
DA:132,1
DA:133,1
DA:135,1
DA:136,1
DA:137,1
DA:142,1
DA:144,1
DA:151,1
DA:152,1
DA:153,1
DA:154,1
DA:155,1
DA:156,1
DA:162,1
DA:163,3
DA:164,2
DA:170,1
DA:171,1
DA:173,2
DA:174,2
DA:175,3
DA:178,2
DA:179,4
DA:181,4
DA:182,2
DA:183,2
DA:184,2
DA:185,2
DA:186,2
DA:187,2
DA:188,2
DA:189,2
DA:190,4
DA:191,1
DA:197,0
DA:198,0
DA:199,0
DA:200,0
DA:202,2
DA:203,3
DA:204,1
DA:205,1
DA:206,1
DA:207,1
DA:208,1
DA:209,2
DA:210,1
DA:215,0
DA:217,0
DA:218,0
DA:219,0
DA:221,0
DA:222,0
DA:228,1
LF:114
LH:96
end_of_record
SF:lib/src/core/pro_video_editor/ui/widgets/timeline/video_timeline_state.dart
DA:6,10
DA:19,12
DA:23,8
DA:27,8
DA:31,8
DA:35,12
DA:39,0
DA:43,8
DA:46,4
DA:49,2
DA:53,12
DA:57,2
DA:60,35
DA:63,0
DA:66,12
DA:69,21
DA:72,21
DA:75,28
DA:78,3
DA:79,3
DA:80,3
DA:81,3
DA:83,3
DA:84,1
DA:85,1
DA:89,3
DA:90,3
DA:91,3
DA:92,18
DA:96,2
DA:97,2
DA:98,2
DA:99,8
DA:103,0
DA:104,0
DA:107,3
DA:108,6
DA:109,6
DA:115,0
DA:116,0
DA:117,0
DA:123,0
DA:124,0
DA:125,0
DA:131,0
DA:132,0
DA:133,0
DA:137,0
DA:138,0
DA:139,0
DA:143,4
DA:148,4
DA:149,4
DA:150,4
DA:151,4
DA:152,4
DA:157,1
DA:158,1
DA:159,1
DA:160,1
DA:164,1
DA:169,3
DA:170,1
DA:171,1
DA:172,1
DA:176,0
DA:177,0
DA:178,0
DA:182,2
DA:183,4
DA:184,2
DA:188,1
DA:189,1
DA:190,1
DA:193,0
DA:194,0
DA:195,0
DA:198,0
DA:199,0
DA:200,0
DA:204,2
DA:205,2
DA:206,2
DA:207,4
DA:208,4
DA:209,2
DA:213,0
DA:214,0
DA:215,0
DA:216,0
DA:220,2
DA:221,6
DA:222,0
DA:224,4
DA:225,8
DA:228,2
DA:232,0
DA:233,0
DA:234,0
DA:235,0
DA:236,0
DA:237,0
DA:240,8
DA:241,8
DA:242,32
DA:246,24
LF:106
LH:70
end_of_record
SF:lib/src/core/utils/logging/log_service.dart
DA:8,11
DA:9,11
DA:13,0
DA:14,0
DA:18,0
DA:21,0
DA:24,0
DA:27,0
LF:8
LH:2
end_of_record
SF:lib/src/features/posting/models/mention.dart
DA:2,0
DA:14,0
DA:20,0
DA:21,0
DA:22,0
DA:23,0
DA:24,0
DA:28,0
DA:31,0
DA:32,0
DA:33,0
DA:34,0
DA:35,0
DA:38,0
DA:39,0
DA:41,0
DA:43,0
LF:17
LH:0
end_of_record
SF:lib/src/features/posting/models/mention_controller.dart
DA:8,1
DA:9,1
DA:14,2
DA:15,3
DA:16,3
DA:18,0
DA:19,0
DA:20,0
DA:21,0
DA:24,0
DA:25,0
DA:26,0
DA:27,0
DA:30,0
DA:31,0
DA:32,0
DA:33,0
DA:36,0
DA:37,0
DA:38,0
DA:39,0
DA:40,0
DA:41,0
DA:45,0
DA:46,0
DA:49,0
DA:50,0
DA:51,0
DA:52,0
DA:53,0
DA:56,0
DA:57,0
DA:60,1
DA:62,2
DA:63,1
LF:35
LH:8
end_of_record
SF:lib/src/features/posting/ui/widgets/mention_input_field.dart
DA:13,1
DA:34,1
DA:35,1
DA:44,1
DA:46,1
DA:47,4
DA:48,5
DA:51,1
DA:53,1
DA:55,4
DA:56,0
DA:57,0
DA:58,0
DA:61,6
DA:62,1
DA:66,1
DA:68,5
DA:69,2
DA:70,1
DA:73,1
DA:74,3
DA:75,2
DA:76,2
DA:77,1
DA:80,2
DA:81,0
DA:85,5
DA:86,1
DA:87,1
DA:91,1
DA:92,2
DA:95,1
DA:102,1
DA:103,2
DA:104,1
DA:105,1
DA:110,0
DA:111,0
DA:114,1
DA:115,1
DA:116,1
DA:120,5
DA:123,2
DA:125,1
DA:126,1
DA:129,3
DA:130,1
DA:135,1
DA:138,1
DA:142,1
DA:146,4
DA:150,0
DA:151,0
DA:154,1
DA:158,4
DA:162,0
DA:163,0
DA:164,0
DA:165,0
DA:167,0
DA:169,0
DA:173,0
DA:174,0
DA:176,0
DA:178,0
DA:180,0
DA:186,0
DA:187,0
DA:191,0
DA:195,0
DA:196,0
DA:197,0
DA:198,0
DA:206,0
DA:210,0
DA:215,0
DA:216,0
DA:217,0
DA:218,0
DA:219,0
DA:220,0
DA:221,0
DA:224,0
DA:225,0
DA:226,0
DA:227,0
DA:228,0
DA:229,0
DA:230,0
DA:231,0
DA:238,0
DA:239,0
DA:243,1
DA:244,3
DA:248,2
DA:249,0
DA:257,1
DA:258,3
DA:259,1
DA:263,1
DA:264,3
DA:265,1
DA:266,1
DA:270,2
DA:273,2
DA:274,0
DA:278,1
DA:279,0
DA:280,0
DA:281,0
DA:286,2
DA:287,2
DA:288,2
DA:289,1
DA:292,1
DA:293,5
DA:297,0
DA:298,0
DA:301,0
DA:302,0
DA:303,0
DA:304,0
DA:307,0
DA:308,0
DA:309,0
DA:310,0
DA:313,0
DA:314,0
DA:315,0
DA:316,0
DA:317,0
DA:318,0
DA:321,0
DA:322,0
DA:324,0
DA:327,0
DA:335,0
DA:336,0
DA:337,0
DA:338,0
DA:339,0
DA:341,0
DA:342,0
DA:343,0
DA:344,0
DA:346,0
DA:348,0
DA:349,0
DA:350,0
DA:354,1
DA:356,1
DA:357,3
DA:359,1
DA:361,1
DA:362,1
DA:363,3
DA:364,3
DA:365,2
DA:366,2
DA:367,2
DA:368,2
DA:370,2
DA:371,1
DA:372,2
DA:373,0
DA:375,0
DA:376,0
DA:377,0
DA:378,0
DA:379,0
DA:383,0
DA:386,0
DA:387,0
DA:388,0
DA:389,0
DA:391,0
DA:392,0
DA:395,0
DA:396,0
DA:397,0
DA:399,0
DA:400,0
DA:401,0
DA:402,0
DA:405,0
DA:410,4
DA:411,1
LF:187
LH:83
end_of_record
SF:lib/src/features/search/providers/actor_typeahead_provider.g.dart
DA:13,6
DA:17,2
DA:18,2
DA:28,2
DA:29,2
DA:31,2
DA:33,2
DA:36,0
DA:37,0
DA:39,0
DA:44,2
DA:48,2
DA:51,2
DA:53,2
DA:60,4
LF:15
LH:12
end_of_record
SF:lib/src/features/search/providers/actor_typeahead_provider.dart
DA:20,2
DA:22,6
DA:23,4
DA:26,2
DA:29,2
DA:30,2
DA:32,3
DA:34,2
DA:35,2
DA:36,2
DA:40,8
DA:42,4
DA:43,10
DA:45,2
DA:53,1
DA:59,2
DA:64,2
DA:65,2
DA:66,3
DA:70,5
DA:72,2
DA:78,2
DA:79,2
DA:80,3
DA:84,4
DA:91,1
DA:92,2
DA:93,2
DA:94,2
LF:29
LH:29
end_of_record
SF:lib/src/core/storage/preferences/secure_storage.dart
DA:12,2
DA:17,1
DA:21,3
DA:22,2
DA:26,1
DA:29,2
DA:36,1
DA:38,3
DA:39,3
DA:43,1
DA:46,2
DA:47,1
DA:53,1
DA:55,3
DA:56,3
DA:60,1
DA:63,2
DA:64,1
DA:70,1
DA:72,3
DA:73,3
DA:77,1
DA:80,2
DA:82,2
DA:88,1
DA:90,1
DA:91,3
DA:92,2
DA:96,1
DA:99,2
DA:102,1
DA:103,4
DA:112,1
DA:115,1
DA:118,1
DA:119,1
DA:122,1
DA:125,1
DA:130,1
DA:139,1
DA:142,2
DA:148,1
DA:150,3
DA:151,2
DA:155,1
DA:157,3
DA:158,2
LF:47
LH:47
end_of_record
SF:lib/src/core/pro_video_editor/services/audio_waveform_extractor.dart
DA:10,1
DA:12,3
DA:17,0
DA:18,0
DA:19,0
DA:20,0
DA:24,0
DA:28,0
DA:32,0
DA:33,0
DA:37,1
DA:39,2
DA:40,1
DA:41,1
DA:45,1
DA:46,1
DA:48,0
DA:49,1
DA:50,3
DA:51,0
DA:52,1
DA:53,1
DA:54,2
DA:55,1
DA:57,2
DA:58,1
DA:60,3
DA:64,1
DA:66,0
DA:71,1
DA:72,1
DA:74,6
DA:75,1
DA:77,6
DA:80,0
DA:81,0
DA:83,0
DA:84,0
DA:87,0
DA:88,0
DA:94,0
DA:98,0
DA:100,0
DA:101,0
DA:102,0
DA:105,0
DA:106,0
DA:112,0
DA:113,0
DA:115,0
DA:117,0
DA:120,0
DA:121,0
DA:122,0
DA:123,0
DA:124,0
LF:56
LH:23
end_of_record
SF:lib/src/core/pro_video_editor/services/video_timing_export_service.dart
DA:8,4
DA:10,0
DA:14,2
DA:20,3
DA:21,3
DA:22,3
DA:28,1
DA:29,2
DA:30,2
DA:34,1
DA:39,2
DA:40,0
DA:42,1
DA:43,1
DA:44,1
DA:45,1
DA:47,1
DA:48,1
DA:49,1
DA:51,2
DA:52,0
DA:55,3
DA:56,3
DA:57,1
DA:58,6
DA:59,6
DA:60,6
DA:61,6
DA:62,2
DA:71,2
DA:79,2
DA:80,2
DA:81,4
DA:84,2
DA:85,2
DA:86,8
DA:90,2
DA:91,8
DA:94,10
DA:95,2
DA:96,2
DA:98,2
DA:99,4
DA:100,2
DA:101,2
DA:102,2
DA:103,2
DA:108,2
DA:109,6
DA:110,6
DA:112,6
DA:113,5
DA:114,2
DA:115,2
DA:118,2
DA:119,2
DA:125,2
DA:126,2
DA:127,4
DA:128,2
DA:129,2
DA:130,12
DA:132,4
DA:141,2
DA:148,2
DA:149,2
DA:150,2
DA:155,2
DA:159,2
DA:161,4
DA:162,4
DA:163,2
DA:164,2
DA:167,2
DA:168,2
DA:169,2
DA:170,2
DA:171,2
DA:176,1
DA:177,1
DA:178,1
DA:179,1
DA:181,4
DA:183,1
DA:184,0
DA:185,0
DA:189,0
DA:190,0
DA:191,0
DA:192,0
DA:197,1
DA:198,1
DA:199,1
DA:200,3
DA:203,1
DA:204,1
DA:207,1
DA:209,1
DA:213,1
DA:214,1
DA:215,1
DA:219,1
DA:220,1
DA:222,1
DA:229,1
DA:234,1
DA:235,1
DA:236,1
DA:241,1
DA:244,1
DA:247,2
DA:251,2
DA:252,3
DA:253,2
DA:254,2
DA:255,2
DA:256,2
DA:261,1
DA:262,1
DA:265,1
DA:266,2
DA:270,1
DA:271,3
DA:272,1
DA:273,1
DA:274,2
DA:279,2
DA:281,2
DA:287,2
DA:290,4
DA:296,2
DA:297,2
DA:302,2
DA:303,2
DA:306,2
DA:310,2
DA:317,6
DA:328,1
DA:331,1
DA:332,3
DA:333,3
DA:334,1
DA:335,3
DA:336,1
DA:338,1
DA:339,2
DA:341,1
LF:147
LH:138
end_of_record
SF:lib/src/core/pro_video_editor/services/video_export_planner.dart
DA:11,1
DA:21,3
DA:25,1
DA:61,5
DA:66,1
DA:67,3
DA:68,1
DA:69,0
DA:70,0
DA:76,1
DA:77,1
DA:78,1
DA:80,1
DA:81,1
DA:83,1
DA:85,1
DA:86,1
DA:88,2
DA:89,1
DA:90,1
DA:91,1
DA:92,1
DA:93,1
DA:94,1
DA:96,1
DA:98,1
DA:99,3
DA:100,1
DA:102,1
DA:105,1
DA:108,1
DA:111,2
DA:112,0
DA:114,1
DA:120,1
DA:122,4
DA:123,0
DA:126,1
DA:128,3
DA:129,1
DA:130,1
DA:131,2
DA:132,1
DA:133,1
DA:135,2
DA:137,1
DA:138,1
DA:139,0
DA:140,2
DA:141,1
DA:142,1
DA:143,1
DA:144,1
DA:148,1
DA:149,1
DA:151,2
DA:152,2
DA:153,2
DA:154,1
DA:156,1
DA:158,1
DA:159,1
DA:161,1
DA:162,2
DA:163,3
DA:168,1
DA:169,1
DA:174,1
DA:175,1
DA:180,1
DA:181,1
DA:182,3
DA:185,1
DA:191,2
DA:193,1
DA:200,0
DA:205,1
DA:216,1
DA:223,1
DA:224,0
DA:225,0
DA:226,0
DA:227,0
DA:228,0
DA:229,0
DA:230,0
DA:231,0
DA:235,0
DA:236,0
DA:237,0
DA:239,0
DA:240,0
DA:242,0
DA:243,0
DA:244,0
DA:245,0
DA:246,0
DA:247,0
DA:248,0
DA:249,0
DA:250,0
DA:251,0
DA:255,0
DA:260,0
DA:264,0
DA:265,0
DA:267,0
DA:269,0
DA:271,0
DA:272,0
DA:273,0
DA:274,0
DA:275,0
DA:276,0
DA:277,0
DA:278,0
DA:279,0
DA:280,0
DA:284,0
DA:285,0
DA:286,0
DA:287,0
DA:293,0
DA:294,0
DA:295,0
DA:296,0
DA:298,0
DA:299,0
DA:302,0
DA:303,0
DA:304,0
DA:305,0
DA:306,0
DA:309,0
DA:310,0
DA:311,0
DA:315,0
DA:328,1
DA:329,1
DA:330,3
DA:332,1
DA:333,1
DA:334,1
DA:337,1
LF:144
LH:80
end_of_record
SF:lib/src/core/pro_video_editor/services/audio_source_resolver.dart
DA:12,0
DA:13,0
DA:16,1
DA:21,2
DA:22,1
DA:23,1
DA:27,2
DA:33,0
DA:37,2
DA:42,2
DA:43,2
DA:44,4
DA:45,2
DA:50,6
DA:58,1
DA:63,1
DA:64,1
DA:66,2
DA:67,1
DA:68,3
DA:71,3
DA:74,1
DA:75,0
DA:77,0
DA:78,3
DA:79,1
DA:82,0
DA:84,1
DA:86,2
DA:90,0
DA:92,0
DA:97,1
DA:98,1
DA:99,1
LF:34
LH:26
end_of_record
SF:lib/src/core/network/atproto/data/repositories/story_repository_impl.dart
DA:17,2
DA:23,0
DA:24,0
DA:25,0
DA:27,0
DA:29,0
DA:30,0
DA:31,0
DA:32,0
DA:33,0
DA:34,0
DA:36,0
DA:37,0
DA:42,1
DA:47,3
DA:48,3
DA:49,0
DA:52,3
DA:54,0
DA:57,1
DA:58,1
DA:59,1
DA:63,3
DA:65,1
DA:66,2
DA:67,1
DA:70,1
DA:71,1
DA:74,0
DA:78,1
DA:80,1
DA:82,1
DA:85,0
DA:87,0
DA:88,0
DA:89,0
DA:98,1
DA:102,1
DA:104,0
DA:105,0
DA:106,0
DA:107,0
DA:108,0
DA:109,0
DA:118,1
DA:120,1
DA:126,1
DA:128,3
DA:129,3
DA:130,0
DA:133,3
DA:135,1
DA:138,1
DA:139,1
DA:140,1
DA:141,3
DA:143,1
DA:144,2
DA:145,1
DA:146,1
DA:148,0
DA:151,1
DA:154,0
DA:160,1
DA:163,1
DA:164,1
DA:165,1
DA:166,1
DA:172,1
DA:180,1
DA:183,1
DA:185,3
DA:187,1
DA:188,3
DA:193,1
LF:75
LH:47
end_of_record
SF:lib/src/core/auth/data/repositories/identity_repository_impl.dart
DA:18,1
DA:25,0
DA:28,0
DA:34,1
DA:42,1
DA:50,1
DA:66,1
DA:68,2
DA:69,4
DA:70,1
DA:74,2
DA:77,2
DA:80,2
DA:83,1
DA:87,1
DA:91,0
DA:94,0
DA:95,0
DA:99,1
DA:100,1
DA:101,2
DA:103,2
DA:104,1
DA:105,2
DA:110,1
DA:111,1
DA:112,2
DA:114,2
DA:115,1
DA:116,2
DA:121,0
DA:122,0
DA:123,0
DA:125,0
DA:126,0
DA:127,0
DA:132,1
DA:134,2
DA:136,4
DA:139,2
DA:141,2
DA:144,2
DA:146,2
DA:149,2
DA:151,2
DA:154,0
DA:158,1
DA:160,2
DA:161,2
DA:162,2
DA:165,2
DA:166,2
DA:167,2
DA:168,2
DA:170,0
DA:174,1
DA:176,2
DA:177,2
DA:181,1
DA:183,0
DA:188,1
DA:189,1
DA:190,1
DA:191,0
DA:195,1
DA:196,2
DA:197,0
DA:201,2
DA:202,2
DA:203,1
DA:205,2
DA:206,2
DA:207,1
DA:213,0
DA:217,1
DA:219,2
DA:220,0
DA:224,1
DA:226,2
DA:231,1
DA:232,1
DA:233,2
DA:235,2
DA:236,4
DA:237,3
DA:240,2
DA:241,2
DA:242,1
DA:247,0
DA:249,0
DA:252,0
DA:258,0
DA:261,1
DA:263,2
DA:264,2
DA:268,1
DA:270,0
DA:275,1
DA:276,1
DA:279,1
DA:281,0
DA:282,0
DA:283,0
DA:284,0
DA:288,0
DA:291,2
DA:292,2
DA:293,1
DA:298,0
DA:300,0
DA:301,0
DA:303,0
DA:304,0
DA:305,0
DA:309,0
DA:310,0
DA:311,0
DA:317,0
DA:318,0
DA:324,1
DA:328,1
DA:329,1
DA:331,2
DA:332,2
DA:333,3
DA:337,1
DA:338,3
DA:339,1
DA:345,1
DA:346,1
DA:352,0
DA:354,0
DA:355,0
DA:359,0
DA:362,0
DA:363,0
DA:367,0
DA:368,0
DA:371,0
DA:374,0
DA:375,0
DA:378,0
DA:379,0
DA:383,0
DA:384,0
DA:387,0
DA:388,0
DA:391,0
DA:394,0
DA:396,0
DA:397,0
DA:398,0
DA:402,0
DA:404,0
DA:405,0
DA:408,0
LF:156
LH:91
end_of_record
SF:lib/src/core/utils/did_utils.dart
DA:6,0
DA:30,2
DA:31,2
DA:32,1
DA:35,4
DA:39,1
DA:41,2
DA:43,1
DA:44,1
DA:49,3
DA:51,3
DA:52,1
DA:55,1
DA:57,2
DA:59,2
DA:63,2
DA:64,2
LF:17
LH:16
end_of_record
SF:lib/src/core/utils/logging/logger.dart
DA:7,28
DA:12,28
DA:27,9
DA:28,9
DA:32,13
DA:33,13
DA:37,7
DA:38,7
DA:42,12
DA:43,12
DA:47,18
DA:48,18
DA:52,0
DA:53,0
DA:57,26
DA:64,104
DA:69,80
DA:73,9
DA:74,9
DA:77,26
DA:80,35
DA:81,9
DA:86,0
DA:87,0
DA:91,0
DA:92,0
DA:96,0
DA:97,0
LF:28
LH:20
end_of_record
SF:lib/src/core/storage/cache/download_manager_impl.dart
DA:13,0
DA:14,0
DA:20,0
DA:23,0
DA:25,0
DA:29,0
DA:30,0
DA:35,0
DA:41,0
DA:45,0
DA:47,0
DA:48,0
DA:49,0
DA:52,0
DA:53,0
DA:54,0
DA:55,0
DA:56,0
DA:64,0
DA:65,0
DA:66,0
DA:67,0
DA:72,0
DA:75,0
DA:79,0
DA:82,0
DA:83,0
DA:86,0
DA:87,0
DA:88,0
DA:89,0
DA:91,0
DA:92,0
DA:93,0
DA:100,0
DA:101,0
DA:102,0
DA:103,0
DA:108,0
DA:111,0
DA:112,0
DA:117,0
DA:118,0
DA:119,0
DA:120,0
DA:122,0
DA:125,0
DA:126,0
DA:127,0
DA:131,0
DA:133,0
DA:136,0
DA:138,0
DA:139,0
DA:140,0
DA:143,0
DA:144,0
DA:145,0
DA:146,0
DA:147,0
DA:151,0
DA:152,0
DA:153,0
DA:154,0
DA:161,0
DA:163,0
DA:164,0
DA:165,0
DA:167,0
DA:170,0
DA:171,0
DA:174,0
DA:177,0
DA:179,0
DA:180,0
DA:181,0
DA:185,0
DA:186,0
DA:187,0
DA:188,0
DA:189,0
DA:190,0
DA:191,0
DA:196,0
DA:199,0
DA:200,0
DA:202,0
DA:203,0
DA:204,0
DA:208,0
DA:211,0
DA:214,0
LF:92
LH:0
end_of_record
SF:lib/src/core/storage/cache/download_manager_interface.dart
DA:10,1
DA:18,1
DA:30,0
DA:31,0
DA:32,0
DA:33,0
DA:34,0
DA:35,0
DA:36,0
DA:37,0
DA:38,0
DA:42,0
DA:45,0
DA:46,0
DA:49,0
DA:50,0
LF:16
LH:2
end_of_record
SF:lib/src/features/feed/providers/feed_state.dart
DA:22,1
DA:24,3
LF:2
LH:2
end_of_record
SF:lib/src/core/storage/preferences/shared_prefs_storage.dart
DA:7,1
DA:11,1
DA:12,1
DA:13,1
DA:16,1
DA:18,2
DA:21,1
DA:23,2
DA:26,0
DA:28,0
DA:31,0
DA:33,0
DA:36,0
DA:38,0
DA:41,0
DA:43,0
DA:46,0
DA:48,0
DA:51,0
DA:53,0
DA:56,0
DA:58,0
DA:61,0
DA:63,0
DA:66,1
DA:69,0
DA:72,1
DA:73,1
DA:76,1
DA:78,1
DA:83,1
DA:89,0
DA:91,0
DA:94,0
DA:96,0
DA:99,1
DA:101,2
LF:37
LH:16
end_of_record
SF:lib/src/core/storage/preferences/storage_constants.dart
DA:4,0
LF:1
LH:0
end_of_record
SF:lib/src/core/storage/preferences/storage_manager.dart
DA:9,2
DA:14,6
DA:17,4
DA:20,1
DA:24,2
DA:25,2
DA:29,2
DA:32,0
LF:8
LH:7
end_of_record
SF:lib/src/core/utils/logging/console_output.dart
DA:10,11
DA:29,8
DA:37,8
DA:38,24
DA:39,8
DA:41,8
DA:44,12
DA:47,8
DA:49,16
DA:53,8
DA:57,16
DA:65,8
DA:66,32
DA:67,24
DA:68,24
DA:69,24
LF:16
LH:16
end_of_record
SF:lib/src/core/utils/logging/log_level.dart
DA:17,0
DA:19,0
DA:20,0
LF:3
LH:0
end_of_record
SF:lib/src/core/utils/logging/file_output.dart
DA:12,11
DA:33,8
DA:34,8
DA:37,8
DA:38,0
DA:39,0
DA:40,0
DA:41,0
DA:43,7
DA:51,8
DA:59,24
DA:60,8
DA:61,8
DA:64,7
DA:67,0
DA:68,0
DA:69,0
DA:71,0
DA:74,0
DA:78,0
DA:82,0
DA:83,0
DA:87,0
DA:88,0
DA:93,0
DA:99,0
DA:100,0
DA:101,0
DA:102,0
DA:103,0
DA:104,0
DA:105,0
DA:106,0
DA:110,0
DA:111,0
DA:114,0
DA:115,0
DA:122,0
DA:123,0
DA:126,0
DA:127,0
DA:128,0
DA:129,0
DA:130,0
DA:131,0
DA:132,0
DA:134,0
DA:135,0
DA:137,0
DA:139,0
DA:140,0
DA:142,0
DA:146,7
DA:151,7
DA:154,14
LF:55
LH:13
end_of_record
SF:lib/src/core/utils/logging/logger_factory.dart
DA:14,22
DA:16,22
DA:19,33
DA:20,11
DA:21,22
DA:25,33
DA:31,11
DA:32,22
DA:33,16
DA:36,11
DA:38,11
DA:39,22
DA:42,22
DA:49,0
DA:51,0
DA:52,0
DA:60,0
DA:61,0
DA:68,0
DA:69,0
DA:73,0
DA:74,0
DA:75,0
DA:76,0
DA:77,0
DA:78,0
DA:79,0
LF:27
LH:13
end_of_record
SF:lib/src/core/auth/data/models/identity_info.dart
DA:20,0
DA:21,0
LF:2
LH:0
end_of_record
SF:lib/src/core/auth/data/models/identity_info.g.dart
DA:9,0
DA:10,0
DA:11,0
DA:12,0
DA:13,0
DA:16,0
DA:17,0
DA:18,0
DA:19,0
DA:20,0
LF:10
LH:0
end_of_record
SF:lib/src/core/auth/data/models/login_result.dart
DA:11,5
DA:13,2
DA:15,1
DA:16,1
DA:17,0
DA:18,0
DA:20,6
DA:21,0
LF:8
LH:5
end_of_record
SF:lib/src/core/network/atproto/data/repositories/sound_repository_impl.dart
DA:19,2
DA:24,3
DA:26,4
DA:32,1
DA:38,3
DA:40,1
DA:43,3
DA:47,3
DA:49,1
DA:52,4
DA:56,1
DA:62,2
DA:63,1
DA:65,3
DA:66,3
DA:67,0
DA:68,0
DA:71,3
DA:73,0
DA:74,0
DA:77,1
DA:78,1
DA:79,1
DA:84,3
DA:86,3
DA:88,2
DA:89,3
DA:95,1
DA:100,3
DA:101,3
DA:102,2
DA:103,1
DA:106,0
DA:108,0
DA:109,0
DA:112,0
DA:113,0
DA:114,0
DA:118,0
DA:120,0
DA:122,0
DA:124,0
DA:130,1
DA:136,1
DA:137,3
DA:142,3
DA:143,3
DA:144,0
DA:145,0
DA:148,3
DA:150,0
DA:151,0
DA:154,1
DA:155,1
DA:156,1
DA:161,3
DA:163,3
DA:165,3
DA:167,2
LF:59
LH:41
end_of_record
SF:lib/src/features/auth/providers/auth_state.dart
DA:19,1
LF:1
LH:1
end_of_record
SF:lib/firebase_options.dart
DA:18,0
DA:20,0
DA:25,0
DA:26,0
DA:28,0
DA:30,0
DA:31,0
DA:35,0
DA:36,0
DA:40,0
DA:41,0
DA:46,0
LF:12
LH:0
end_of_record
SF:lib/src/core/auth/data/models/aip_session_response.dart
DA:8,2
DA:21,1
DA:22,1
DA:23,1
DA:24,1
DA:25,1
DA:26,1
DA:27,1
DA:28,2
DA:29,1
DA:30,1
DA:31,1
DA:32,2
DA:35,1
DA:36,1
DA:37,1
DA:39,2
DA:56,2
DA:64,1
DA:65,1
DA:66,1
DA:67,1
DA:68,1
DA:69,1
DA:70,1
DA:82,4
DA:86,0
DA:87,0
DA:90,2
DA:95,2
DA:96,6
DA:102,4
DA:103,2
DA:109,2
DA:110,2
DA:111,2
DA:112,4
DA:113,2
DA:114,2
DA:115,2
DA:116,4
DA:119,6
DA:120,4
DA:124,2
DA:125,4
DA:126,2
DA:132,2
DA:133,2
DA:135,2
DA:136,2
DA:137,2
DA:138,2
DA:140,2
DA:141,2
DA:142,4
DA:143,4
DA:145,0
DA:146,0
DA:148,0
DA:153,2
DA:154,4
DA:155,4
DA:156,8
DA:157,2
DA:158,4
DA:160,2
DA:163,2
DA:164,4
DA:165,2
DA:168,2
DA:169,2
DA:172,2
DA:173,2
DA:176,2
LF:74
LH:69
end_of_record
SF:lib/src/core/auth/data/models/auth_snapshot.dart
DA:6,5
DA:13,1
DA:14,1
DA:15,1
DA:19,1
DA:21,1
DA:23,1
DA:24,1
DA:26,1
DA:28,2
DA:29,1
DA:31,1
DA:32,1
DA:37,1
DA:38,1
DA:39,1
DA:50,1
DA:51,1
DA:52,0
DA:53,0
DA:55,1
DA:56,1
DA:57,1
DA:58,2
DA:59,2
DA:60,2
DA:64,3
DA:66,1
DA:71,1
DA:72,1
DA:74,1
DA:77,1
DA:80,1
DA:87,1
DA:95,1
DA:96,1
DA:97,1
DA:98,1
DA:99,1
DA:100,1
DA:101,1
DA:111,1
DA:112,1
DA:113,0
DA:114,0
DA:117,1
DA:118,1
DA:119,1
DA:120,1
DA:121,1
DA:122,1
DA:123,1
DA:129,1
DA:131,1
DA:132,2
DA:137,1
DA:138,2
DA:143,2
DA:157,1
DA:158,1
DA:159,1
DA:161,1
DA:162,1
DA:163,1
DA:164,1
DA:165,1
DA:166,1
DA:167,1
DA:168,1
DA:169,1
DA:170,1
DA:186,6
DA:188,1
DA:189,1
DA:190,1
DA:191,1
DA:192,1
DA:193,1
DA:194,1
DA:195,1
DA:196,1
DA:197,1
DA:198,1
DA:199,1
DA:200,1
DA:204,2
DA:217,2
DA:218,2
DA:219,2
DA:220,2
DA:221,2
DA:222,2
DA:223,2
DA:224,2
DA:225,2
DA:227,2
DA:229,1
DA:230,1
DA:236,1
DA:243,1
DA:244,1
DA:245,1
DA:246,1
DA:247,1
DA:248,1
DA:252,1
DA:253,1
DA:254,1
DA:263,1
DA:264,1
DA:265,1
DA:266,1
DA:267,1
DA:268,1
DA:272,3
LF:115
LH:111
end_of_record
SF:lib/src/core/auth/data/repositories/aip_scope_policy.dart
DA:4,1
DA:6,1
DA:7,1
DA:8,1
DA:11,1
DA:12,1
DA:16,2
DA:18,1
DA:19,2
DA:20,1
DA:21,1
DA:22,1
DA:34,3
DA:36,1
DA:37,2
DA:40,1
DA:45,1
DA:46,3
DA:49,1
DA:50,1
DA:54,3
DA:58,1
DA:59,1
DA:60,2
LF:24
LH:24
end_of_record
SF:lib/src/core/config/app_config.dart
DA:10,1
DA:11,1
DA:14,0
DA:17,2
DA:18,2
DA:21,2
DA:22,2
DA:25,0
DA:31,0
DA:37,0
DA:38,0
DA:41,1
DA:42,1
DA:45,1
DA:46,1
DA:49,0
DA:52,0
DA:55,1
DA:56,1
DA:59,0
DA:60,0
DA:63,0
DA:66,0
DA:69,3
DA:71,6
DA:78,0
DA:81,0
DA:86,0
DA:90,0
DA:93,0
DA:98,0
DA:102,1
DA:105,2
DA:110,0
DA:114,0
DA:116,0
LF:36
LH:16
end_of_record
SF:lib/src/core/auth/data/repositories/auth_repository_impl.dart
DA:34,1
DA:40,0
DA:41,0
DA:42,0
DA:45,1
DA:46,2
DA:47,1
DA:68,1
DA:69,2
DA:71,1
DA:73,3
DA:75,1
DA:76,1
DA:78,1
DA:79,1
DA:81,1
DA:82,4
DA:84,1
DA:85,1
DA:87,0
DA:88,0
DA:90,1
DA:92,1
DA:93,2
DA:94,2
DA:97,0
DA:102,0
DA:103,0
DA:108,1
DA:109,1
DA:114,1
DA:116,2
DA:117,3
DA:119,1
DA:122,0
DA:130,1
DA:131,1
DA:133,1
DA:138,1
DA:139,0
DA:143,1
DA:144,2
DA:146,1
DA:151,1
DA:152,1
DA:153,1
DA:156,2
DA:161,1
DA:162,1
DA:167,1
DA:170,1
DA:172,1
DA:180,1
DA:181,1
DA:182,2
DA:183,2
DA:185,2
DA:186,2
DA:187,2
DA:188,2
DA:189,2
DA:190,1
DA:191,3
DA:193,3
DA:194,0
DA:195,3
DA:198,2
DA:202,1
DA:203,1
DA:204,1
DA:205,0
DA:209,2
DA:211,1
DA:215,1
DA:216,1
DA:217,1
DA:218,1
DA:219,1
DA:227,3
DA:228,1
DA:229,1
DA:230,1
DA:231,2
DA:235,1
DA:236,1
DA:237,1
DA:238,1
DA:239,1
DA:242,1
DA:245,1
DA:246,2
DA:249,1
DA:250,2
DA:251,2
DA:252,2
DA:255,1
DA:256,2
DA:259,1
DA:260,2
DA:263,1
DA:264,1
DA:276,1
DA:277,1
DA:278,1
DA:281,2
DA:284,1
DA:286,1
DA:288,1
DA:289,2
DA:290,1
DA:291,1
DA:294,1
DA:295,1
DA:296,1
DA:297,1
DA:298,1
DA:299,1
DA:302,1
DA:303,5
DA:306,1
DA:307,1
DA:312,5
DA:315,1
DA:316,1
DA:321,0
DA:324,1
DA:325,2
DA:326,2
DA:329,4
DA:330,0
DA:332,0
DA:333,0
DA:337,1
DA:338,2
DA:339,1
DA:343,1
DA:346,2
DA:348,1
DA:349,3
DA:353,2
DA:354,1
DA:355,1
DA:356,2
DA:359,1
DA:360,1
DA:361,1
DA:363,2
DA:369,4
DA:370,0
DA:371,0
DA:375,1
DA:376,2
DA:377,3
DA:379,1
DA:380,3
DA:382,2
DA:383,0
DA:386,1
DA:390,1
DA:395,1
DA:396,1
DA:397,1
DA:398,1
DA:399,1
DA:401,1
DA:406,1
DA:407,2
DA:409,1
DA:413,1
DA:414,2
DA:419,1
DA:422,1
DA:423,1
DA:424,1
DA:426,4
DA:427,1
DA:430,1
DA:432,2
DA:435,1
DA:437,1
DA:440,1
DA:442,1
DA:443,1
DA:444,1
DA:445,1
DA:446,1
DA:447,1
DA:453,1
DA:455,2
DA:460,1
DA:461,1
DA:462,1
DA:463,1
DA:468,1
DA:469,1
DA:470,1
DA:473,1
DA:477,1
DA:479,0
DA:488,1
DA:492,1
DA:493,1
DA:495,1
DA:497,0
DA:502,1
DA:503,2
DA:504,3
DA:505,0
DA:510,1
DA:511,1
DA:514,1
DA:517,1
DA:518,2
DA:519,2
DA:520,1
DA:523,1
DA:524,2
DA:527,3
DA:528,3
DA:530,1
DA:532,1
DA:533,1
DA:534,1
DA:536,1
DA:537,1
DA:538,1
DA:539,1
DA:540,2
DA:542,1
DA:546,1
DA:548,0
DA:549,0
DA:550,0
DA:551,0
DA:552,0
DA:554,1
DA:558,1
DA:559,2
DA:564,2
DA:567,1
DA:570,1
DA:575,3
DA:579,1
DA:583,1
DA:589,1
DA:593,0
DA:594,2
DA:599,1
DA:600,0
DA:603,1
DA:605,1
DA:606,1
DA:608,1
DA:611,1
DA:612,1
DA:613,1
DA:617,3
DA:618,2
DA:620,1
DA:624,1
DA:627,2
DA:628,2
DA:629,3
DA:632,4
DA:633,1
DA:634,2
DA:638,1
DA:639,2
DA:643,1
DA:648,1
DA:649,1
DA:656,2
DA:657,3
DA:659,1
DA:662,1
DA:665,3
DA:668,1
DA:669,1
DA:675,1
DA:678,2
DA:683,2
DA:687,1
DA:688,3
DA:690,1
DA:691,1
DA:696,1
DA:697,1
DA:702,1
DA:703,1
DA:708,1
DA:709,1
DA:712,1
DA:719,1
DA:723,1
DA:725,2
DA:734,1
DA:737,1
DA:739,0
DA:743,1
DA:745,1
DA:747,1
DA:748,1
DA:749,1
DA:754,2
DA:755,0
DA:756,0
DA:757,0
DA:761,0
DA:762,0
DA:764,0
DA:767,2
DA:773,1
DA:774,1
DA:775,1
DA:780,3
DA:781,1
DA:782,0
DA:786,0
DA:790,1
DA:791,1
DA:793,1
DA:796,0
DA:801,0
DA:807,1
DA:809,1
DA:811,1
DA:813,1
DA:820,0
DA:823,0
DA:824,0
DA:826,0
DA:829,0
DA:830,0
DA:831,0
DA:832,0
DA:835,0
DA:838,1
DA:839,1
DA:840,3
DA:841,0
DA:842,1
DA:843,1
DA:846,1
DA:847,1
DA:848,1
DA:855,1
DA:857,2
DA:858,1
DA:859,2
DA:863,3
DA:864,2
DA:868,0
DA:871,1
DA:872,1
DA:873,0
DA:876,1
DA:877,1
DA:878,2
DA:883,5
DA:888,4
DA:889,4
DA:891,5
DA:892,5
DA:899,1
DA:905,1
DA:909,1
DA:910,1
DA:911,1
DA:915,0
DA:919,1
DA:920,0
DA:922,1
DA:923,1
DA:924,1
DA:926,2
DA:927,1
DA:937,1
DA:944,1
DA:945,1
DA:946,1
DA:947,1
DA:948,1
DA:949,1
DA:958,1
DA:959,1
DA:960,0
DA:962,0
DA:964,1
DA:965,1
DA:966,1
DA:967,1
DA:968,0
LF:392
LH:335
end_of_record
SF:lib/src/core/auth/data/repositories/onboarding_repository_impl.dart
DA:22,1
DA:31,0
DA:35,0
DA:43,3
DA:44,3
DA:46,1
DA:48,2
DA:50,3
DA:54,3
DA:56,1
DA:58,0
DA:62,1
DA:63,1
DA:64,1
DA:65,1
DA:66,2
DA:67,1
DA:70,5
DA:71,3
DA:74,2
DA:75,1
DA:76,0
DA:77,0
DA:80,0
DA:85,1
DA:87,2
DA:89,3
DA:92,1
DA:94,0
DA:98,3
DA:99,1
DA:100,1
DA:101,1
DA:102,1
DA:103,2
DA:104,1
DA:108,3
DA:110,0
DA:115,1
DA:117,2
DA:119,3
DA:122,1
DA:124,0
DA:128,1
DA:130,0
DA:134,2
DA:135,1
DA:136,1
DA:137,2
DA:140,2
DA:142,0
DA:151,1
DA:163,1
DA:165,2
DA:166,1
DA:168,0
DA:176,0
DA:177,0
DA:184,1
DA:185,1
DA:186,1
DA:187,1
DA:188,1
DA:191,2
DA:198,1
DA:202,2
DA:203,0
DA:207,2
DA:208,0
DA:209,2
DA:211,1
DA:212,1
DA:213,1
DA:214,1
DA:221,2
DA:222,1
DA:225,1
DA:226,1
DA:227,1
DA:229,1
DA:231,1
DA:232,2
DA:234,1
DA:238,1
DA:240,1
DA:243,4
DA:246,2
DA:251,3
DA:252,0
LF:89
LH:72
end_of_record
SF:lib/src/core/design_system/components/atoms/avatar_stack.dart
DA:8,1
DA:20,1
DA:53,1
DA:55,2
DA:59,4
DA:60,1
DA:63,3
DA:64,3
DA:68,3
DA:69,1
DA:70,1
DA:72,4
DA:77,3
DA:78,1
DA:80,2
DA:81,4
DA:84,1
DA:85,1
DA:87,4
DA:88,1
DA:89,1
DA:90,1
DA:91,1
DA:98,1
DA:100,0
DA:101,0
DA:103,0
DA:104,0
DA:107,0
DA:108,0
DA:111,0
DA:112,0
DA:113,0
DA:114,0
DA:120,0
DA:121,0
DA:122,0
DA:126,0
DA:128,0
DA:134,0
DA:136,0
DA:139,0
DA:142,0
DA:143,0
DA:144,0
DA:147,0
DA:148,0
DA:150,0
DA:151,0
DA:152,0
DA:153,0
DA:154,0
DA:155,0
DA:156,0
DA:157,0
DA:167,1
DA:169,0
DA:171,0
DA:173,0
DA:175,1
DA:177,1
DA:180,1
DA:182,2
LF:63
LH:29
end_of_record
SF:lib/src/core/design_system/components/atoms/user_avatar.dart
DA:6,7
DA:25,3
DA:27,6
DA:28,6
DA:29,4
DA:31,6
DA:32,3
DA:33,3
DA:34,3
DA:35,3
DA:38,6
DA:39,0
DA:42,6
DA:46,0
DA:47,0
DA:48,0
DA:49,0
DA:51,0
DA:52,0
DA:56,0
DA:59,0
DA:61,0
DA:63,0
DA:65,0
DA:67,0
LF:25
LH:12
end_of_record
SF:lib/src/core/design_system/components/atoms/buttons/app_button.dart
DA:20,5
DA:36,5
DA:38,5
DA:39,10
DA:40,5
DA:41,5
DA:42,10
DA:43,5
DA:44,5
DA:49,10
DA:51,5
DA:52,5
DA:55,15
DA:56,5
DA:60,5
DA:61,5
DA:63,5
DA:64,5
DA:65,11
DA:66,5
DA:70,5
DA:71,5
DA:73,5
DA:74,5
DA:75,5
DA:76,9
DA:77,9
DA:79,9
DA:80,5
DA:81,5
DA:83,5
DA:89,5
DA:92,5
DA:94,2
DA:111,5
DA:120,5
DA:122,5
DA:123,2
DA:128,2
DA:131,3
DA:132,3
DA:137,3
DA:140,0
DA:141,0
DA:146,0
DA:158,7
DA:164,5
DA:171,1
DA:172,2
DA:175,2
DA:176,3
DA:181,5
DA:186,2
DA:187,0
DA:190,0
DA:194,2
DA:195,2
DA:200,2
DA:205,0
DA:206,0
DA:209,0
LF:61
LH:53
end_of_record
SF:lib/src/core/design_system/components/atoms/buttons/interactive_pressable.dart
DA:16,8
DA:30,8
DA:31,8
DA:37,30
DA:39,6
DA:40,12
DA:41,18
DA:44,12
DA:45,12
DA:46,0
DA:48,1
DA:49,3
DA:52,8
DA:54,16
DA:56,8
DA:57,16
DA:59,8
DA:60,16
DA:61,16
DA:62,8
DA:63,8
DA:64,16
DA:66,16
DA:67,8
DA:72,8
DA:73,8
DA:74,1
DA:76,1
DA:82,8
DA:84,16
DA:85,16
DA:86,15
DA:87,15
DA:88,15
DA:89,8
DA:90,15
DA:91,16
DA:93,8
DA:95,8
DA:96,16
DA:97,8
DA:98,8
DA:99,16
DA:101,8
DA:102,15
DA:103,0
DA:105,16
LF:47
LH:45
end_of_record
SF:lib/src/core/design_system/tokens/typography.dart
DA:542,0
LF:1
LH:0
end_of_record
SF:lib/src/core/design_system/components/atoms/buttons/app_leading_button.dart
DA:8,5
DA:19,1
DA:21,2
DA:22,0
DA:23,0
DA:26,0
DA:27,0
DA:28,0
DA:35,2
DA:39,0
DA:40,0
DA:41,0
DA:46,1
DA:47,1
DA:48,1
DA:49,0
DA:52,1
DA:53,1
DA:54,0
DA:62,0
DA:72,0
DA:74,0
DA:75,0
DA:77,0
DA:79,0
DA:82,0
DA:83,0
DA:84,0
DA:85,0
DA:86,0
DA:87,0
DA:88,0
DA:89,0
LF:33
LH:9
end_of_record
SF:lib/src/core/design_system/components/atoms/icons.dart
DA:8,0
DA:9,0
DA:14,0
DA:18,2
DA:23,1
DA:27,0
DA:32,0
DA:36,0
DA:37,0
DA:42,0
DA:46,0
DA:51,0
DA:55,0
DA:60,0
DA:64,0
DA:69,0
DA:73,0
DA:74,0
DA:79,0
DA:83,0
DA:84,0
DA:89,0
DA:93,0
DA:98,0
DA:102,0
DA:107,0
DA:111,0
DA:112,0
DA:117,0
DA:121,0
DA:122,0
DA:127,0
DA:131,0
DA:136,0
DA:140,2
DA:145,0
DA:149,0
DA:150,0
DA:155,0
DA:159,0
DA:164,0
DA:168,0
DA:173,0
DA:177,0
DA:182,0
DA:186,0
DA:187,0
DA:192,0
DA:196,0
DA:201,0
DA:205,0
DA:210,0
DA:214,0
DA:215,0
DA:220,0
DA:224,0
DA:229,0
DA:233,0
DA:238,0
DA:242,0
DA:243,0
DA:248,0
DA:252,0
DA:257,0
DA:261,4
DA:266,1
DA:270,0
DA:271,0
DA:276,0
DA:280,0
DA:285,0
DA:289,0
DA:294,0
DA:298,0
DA:299,0
DA:304,0
DA:308,0
DA:313,0
DA:317,0
DA:322,0
DA:326,0
DA:331,0
DA:335,0
DA:340,0
DA:344,0
DA:349,0
DA:353,0
DA:354,0
DA:359,0
DA:363,0
DA:368,0
DA:372,0
DA:373,0
DA:378,0
DA:382,0
DA:383,0
DA:388,0
DA:392,0
DA:397,0
DA:401,4
DA:406,2
DA:410,0
DA:411,0
DA:416,0
DA:420,0
DA:425,0
DA:429,0
DA:430,0
DA:435,0
DA:439,0
DA:440,0
DA:445,0
DA:449,2
DA:454,0
DA:458,0
DA:459,0
DA:464,0
DA:468,0
DA:473,0
DA:477,0
DA:482,0
DA:486,2
DA:491,0
DA:495,0
DA:500,0
DA:504,0
DA:509,0
DA:513,0
DA:518,0
DA:522,0
DA:527,0
DA:531,0
DA:536,0
DA:540,0
DA:545,0
DA:549,0
DA:554,0
DA:558,0
DA:563,0
LF:139
LH:9
end_of_record
SF:lib/src/core/design_system/components/atoms/buttons/app_overlay_back_button.dart
DA:13,4
DA:25,0
DA:27,0
DA:29,0
DA:31,0
DA:32,0
DA:34,0
DA:35,0
DA:37,0
DA:40,0
DA:42,0
DA:45,0
DA:46,0
DA:47,0
LF:14
LH:1
end_of_record
SF:lib/src/core/design_system/components/atoms/buttons/circle_icon_button.dart
DA:9,0
DA:26,0
DA:28,0
DA:29,0
DA:31,0
DA:32,0
DA:33,0
DA:34,0
DA:35,0
DA:36,0
DA:39,0
DA:40,0
DA:41,0
DA:42,0
DA:48,0
DA:49,0
LF:16
LH:0
end_of_record
SF:lib/src/core/design_system/components/atoms/default_profile_avatar.dart
DA:5,8
DA:12,4
DA:14,4
DA:15,4
DA:18,4
DA:19,4
LF:6
LH:6
end_of_record
SF:lib/src/core/design_system/components/atoms/profile_tab_item.dart
DA:7,0
DA:20,0
DA:22,0
DA:23,0
DA:24,0
DA:25,0
DA:26,0
DA:27,0
DA:28,0
LF:9
LH:0
end_of_record
SF:lib/src/core/design_system/components/atoms/tab_item.dart
DA:6,1
DA:27,1
DA:29,1
DA:31,1
DA:32,1
DA:34,1
DA:35,1
DA:36,1
DA:38,1
DA:40,1
DA:41,1
DA:42,3
DA:46,1
DA:47,1
DA:51,1
DA:52,1
DA:53,1
DA:54,3
DA:56,2
DA:61,1
DA:63,1
DA:64,1
DA:65,1
DA:66,1
DA:68,1
DA:69,1
DA:70,1
LF:27
LH:27
end_of_record
SF:lib/src/core/design_system/components/atoms/tags/feed_tag.dart
DA:9,0
DA:22,0
DA:26,0
DA:27,0
DA:28,0
DA:30,0
DA:31,0
DA:32,0
DA:33,0
DA:38,0
DA:39,0
DA:41,0
DA:43,0
DA:44,0
DA:45,0
DA:48,0
DA:49,0
DA:51,0
DA:53,0
DA:54,0
DA:55,0
DA:56,0
LF:22
LH:0
end_of_record
SF:lib/src/core/design_system/components/atoms/toggles/toggle_button.dart
DA:10,2
DA:31,2
DA:33,6
DA:34,5
DA:36,2
DA:37,2
DA:38,2
DA:39,6
DA:42,2
DA:43,2
DA:44,2
DA:45,2
DA:46,2
DA:47,2
DA:48,5
DA:50,2
DA:51,2
DA:59,2
DA:61,2
DA:66,2
DA:67,2
DA:70,2
DA:71,2
DA:73,0
DA:74,2
DA:79,0
DA:80,0
DA:83,0
DA:84,0
DA:90,2
DA:92,2
DA:94,2
DA:96,0
LF:33
LH:27
end_of_record
SF:lib/src/core/design_system/components/atoms/video_progress_bar.dart
DA:6,0
DA:57,0
DA:59,0
DA:62,0
DA:63,0
DA:66,0
DA:67,0
DA:68,0
DA:69,0
DA:70,0
DA:71,0
DA:77,0
DA:78,0
DA:81,0
DA:82,0
DA:83,0
DA:84,0
DA:85,0
DA:86,0
DA:87,0
DA:89,0
DA:91,0
DA:92,0
DA:93,0
DA:94,0
DA:95,0
DA:96,0
DA:97,0
DA:98,0
DA:100,0
DA:101,0
DA:106,0
DA:113,0
DA:114,0
DA:115,0
DA:116,0
DA:118,0
DA:125,0
DA:147,0
DA:149,0
DA:150,0
DA:151,0
DA:152,0
DA:153,0
DA:154,0
DA:155,0
DA:156,0
DA:157,0
DA:158,0
DA:159,0
DA:160,0
DA:161,0
DA:170,0
DA:190,0
DA:192,0
DA:194,0
DA:195,0
DA:197,0
DA:198,0
DA:199,0
DA:200,0
DA:202,0
DA:203,0
DA:206,0
DA:207,0
DA:208,0
DA:209,0
DA:212,0
DA:213,0
DA:215,0
DA:216,0
DA:217,0
DA:218,0
DA:220,0
DA:221,0
DA:222,0
DA:223,0
DA:224,0
DA:228,0
DA:230,0
DA:231,0
DA:232,0
DA:233,0
DA:234,0
DA:235,0
DA:236,0
DA:241,0
DA:253,0
DA:254,0
DA:260,0
DA:261,0
DA:263,0
DA:264,0
DA:265,0
DA:266,0
DA:269,0
DA:271,0
DA:272,0
DA:273,0
DA:275,0
DA:276,0
DA:277,0
DA:278,0
DA:279,0
DA:280,0
DA:281,0
DA:283,0
DA:284,0
LF:108
LH:0
end_of_record
SF:lib/src/core/design_system/components/molecules/app_tab_bar.dart
DA:5,0
DA:18,0
DA:20,0
DA:21,0
DA:22,0
DA:23,0
DA:24,0
DA:25,0
DA:26,0
DA:27,0
DA:33,0
DA:35,0
LF:12
LH:0
end_of_record
SF:lib/src/core/design_system/components/molecules/feed_card.dart
DA:13,0
DA:32,0
DA:34,0
DA:36,0
DA:38,0
DA:39,0
DA:40,0
DA:42,0
DA:45,0
DA:46,0
DA:47,0
DA:49,0
DA:50,0
DA:55,0
DA:57,0
DA:58,0
DA:59,0
DA:64,0
DA:66,0
DA:67,0
DA:68,0
DA:69,0
DA:72,0
DA:73,0
DA:74,0
DA:75,0
DA:78,0
DA:80,0
DA:81,0
DA:84,0
DA:86,0
DA:88,0
DA:90,0
DA:91,0
DA:92,0
DA:93,0
DA:97,0
DA:99,0
DA:101,0
DA:102,0
DA:103,0
DA:105,0
DA:106,0
DA:108,0
DA:112,0
DA:114,0
DA:123,0
DA:124,0
DA:130,0
DA:131,0
DA:132,0
DA:133,0
DA:136,0
DA:137,0
DA:138,0
DA:143,0
DA:148,0
DA:150,0
DA:151,0
DA:157,0
DA:158,0
DA:163,0
DA:164,0
DA:165,0
DA:166,0
DA:168,0
DA:170,0
DA:172,0
DA:174,0
DA:178,0
DA:179,0
DA:180,0
DA:185,0
DA:186,0
DA:187,0
DA:188,0
DA:195,0
DA:201,0
DA:202,0
DA:204,0
DA:211,0
DA:216,0
DA:218,0
DA:224,0
DA:225,0
DA:233,0
DA:234,0
DA:235,0
DA:236,0
DA:237,0
DA:239,0
DA:244,0
DA:248,0
DA:250,0
DA:252,0
DA:253,0
DA:256,0
DA:257,0
DA:258,0
DA:261,0
DA:265,0
DA:266,0
DA:267,0
DA:274,0
DA:279,0
DA:284,0
DA:287,0
DA:289,0
DA:291,0
LF:109
LH:0
end_of_record
SF:lib/src/core/design_system/tokens/shapes.dart
DA:2,0
LF:1
LH:0
end_of_record
SF:lib/src/core/l10n/app_localizations.dart
DA:64,14
DA:65,28
DA:69,14
DA:70,14
DA:1742,4
DA:1744,14
DA:1746,28
DA:1749,14
DA:1751,42
DA:1753,9
DA:1757,14
DA:1759,14
DA:1760,14
DA:1761,14
DA:1764,0
LF:15
LH:14
end_of_record
SF:lib/src/core/design_system/components/molecules/feed_tag_list.dart
DA:11,0
DA:27,0
DA:50,0
DA:51,0
DA:58,0
DA:60,0
DA:61,0
DA:64,0
DA:66,0
DA:67,0
DA:68,0
DA:69,0
DA:74,0
DA:75,0
DA:76,0
DA:77,0
DA:79,0
DA:82,0
DA:83,0
DA:84,0
DA:87,0
DA:89,0
DA:90,0
DA:92,0
DA:95,0
DA:96,0
DA:97,0
DA:98,0
DA:101,0
DA:102,0
DA:103,0
DA:106,0
DA:107,0
DA:108,0
DA:110,0
DA:112,0
DA:113,0
DA:115,0
DA:116,0
DA:117,0
DA:119,0
DA:121,0
DA:123,0
DA:129,0
DA:130,0
DA:131,0
DA:132,0
DA:133,0
DA:134,0
DA:135,0
DA:137,0
DA:139,0
DA:140,0
DA:141,0
DA:143,0
DA:144,0
DA:145,0
DA:146,0
DA:147,0
DA:158,0
DA:159,0
DA:160,0
DA:163,0
DA:164,0
DA:165,0
DA:168,0
DA:169,0
DA:170,0
DA:171,0
DA:172,0
DA:174,0
DA:175,0
DA:176,0
DA:178,0
DA:179,0
DA:180,0
DA:181,0
DA:182,0
DA:189,0
LF:79
LH:0
end_of_record
SF:lib/src/core/design_system/components/molecules/input_field.dart
DA:17,1
DA:32,0
DA:39,0
DA:54,0
DA:61,0
DA:76,1
DA:88,1
DA:103,1
DA:105,1
DA:108,1
DA:109,0
DA:110,0
DA:111,0
DA:114,1
DA:115,1
DA:116,1
DA:117,0
DA:121,0
DA:122,0
DA:127,1
DA:128,0
DA:129,0
DA:130,0
DA:133,1
DA:134,1
DA:135,1
DA:136,4
DA:137,1
DA:138,1
DA:139,1
DA:140,1
DA:141,1
DA:142,1
DA:143,1
LF:34
LH:21
end_of_record
SF:lib/src/core/design_system/components/molecules/known_interactions_bar.dart
DA:15,0
DA:20,0
DA:22,0
DA:26,0
DA:27,0
DA:28,0
DA:29,0
DA:30,0
DA:31,0
DA:32,0
DA:33,0
DA:36,0
DA:40,0
DA:42,0
DA:44,0
DA:45,0
DA:46,0
DA:47,0
DA:49,0
DA:50,0
DA:51,0
DA:52,0
DA:55,0
DA:57,0
DA:58,0
DA:59,0
DA:60,0
DA:62,0
DA:63,0
DA:64,0
DA:65,0
DA:68,0
DA:78,0
DA:83,0
DA:87,0
DA:89,0
DA:90,0
DA:91,0
DA:100,0
DA:102,0
DA:103,0
DA:105,0
LF:42
LH:0
end_of_record
SF:lib/src/core/design_system/components/molecules/post_tile.dart
DA:18,0
DA:27,0
DA:28,0
DA:29,0
DA:32,0
DA:35,0
DA:38,0
DA:40,0
DA:42,0
DA:47,0
DA:48,0
DA:49,0
DA:50,0
DA:51,0
DA:53,0
DA:55,0
DA:57,0
DA:58,0
DA:59,0
DA:60,0
DA:61,0
DA:64,0
DA:66,0
DA:68,0
DA:75,0
DA:78,0
DA:80,0
DA:82,0
DA:87,0
DA:88,0
DA:91,0
DA:96,0
DA:101,0
DA:102,0
DA:104,0
DA:109,0
DA:111,0
DA:112,0
DA:113,0
DA:115,0
DA:121,0
LF:41
LH:0
end_of_record
SF:lib/src/core/design_system/components/molecules/profile_action_buttons.dart
DA:9,0
DA:26,0
DA:28,0
DA:29,0
DA:30,0
DA:31,0
DA:35,0
DA:36,0
DA:37,0
DA:38,0
DA:39,0
DA:40,0
DA:41,0
DA:42,0
DA:43,0
DA:44,0
DA:47,0
DA:48,0
DA:49,0
DA:51,0
DA:65,0
DA:69,0
DA:71,0
DA:73,0
DA:74,0
DA:76,0
DA:79,0
DA:82,0
DA:83,0
DA:85,0
DA:86,0
LF:31
LH:0
end_of_record
SF:lib/src/core/design_system/components/molecules/profile_avatar.dart
DA:8,1
DA:27,1
DA:29,1
DA:30,2
DA:31,4
DA:32,4
DA:33,1
DA:34,0
DA:35,1
DA:37,1
DA:43,1
DA:44,1
DA:45,1
DA:46,1
DA:47,1
DA:48,1
DA:49,1
DA:50,1
DA:55,1
DA:61,1
DA:62,0
DA:63,0
DA:64,0
DA:65,0
DA:67,0
DA:69,0
DA:70,0
DA:75,1
DA:78,1
DA:79,0
DA:82,0
DA:83,0
DA:84,0
DA:87,0
DA:90,0
DA:109,1
DA:114,1
DA:115,0
DA:116,0
DA:119,0
DA:123,0
DA:124,0
DA:125,0
DA:126,0
DA:131,1
DA:134,1
DA:139,1
DA:142,1
DA:146,1
LF:49
LH:28
end_of_record
SF:lib/src/core/design_system/components/molecules/profile_card.dart
DA:10,1
DA:27,0
DA:41,0
DA:70,1
DA:72,1
DA:73,3
DA:74,1
DA:77,1
DA:79,1
DA:81,1
DA:83,1
DA:84,1
DA:85,1
DA:86,1
DA:90,1
DA:92,1
DA:95,1
DA:96,1
DA:97,1
DA:99,1
DA:100,1
DA:101,2
DA:102,1
DA:104,1
DA:105,2
DA:108,1
DA:109,1
DA:112,1
DA:113,2
DA:114,1
DA:115,1
DA:118,1
DA:120,0
DA:121,0
DA:133,1
DA:134,2
DA:136,1
DA:137,1
DA:139,1
DA:140,1
DA:141,0
DA:142,1
DA:143,1
DA:144,1
DA:147,1
DA:148,1
DA:149,0
DA:151,2
DA:163,1
DA:164,0
LF:50
LH:43
end_of_record
SF:lib/src/core/design_system/components/molecules/profile_info.dart
DA:7,0
DA:26,0
DA:28,0
DA:30,0
DA:32,0
DA:33,0
DA:35,0
DA:36,0
DA:37,0
DA:38,0
DA:40,0
DA:43,0
DA:45,0
DA:53,0
DA:63,0
DA:64,0
DA:68,0
DA:71,0
DA:72,0
DA:75,0
DA:77,0
DA:78,0
DA:79,0
DA:80,0
DA:84,0
DA:85,0
DA:86,0
DA:92,0
DA:93,0
DA:94,0
DA:95,0
DA:100,0
DA:103,0
DA:104,0
DA:109,0
DA:111,0
DA:112,0
DA:114,0
DA:115,0
DA:121,0
DA:125,0
DA:129,0
DA:131,0
DA:132,0
DA:133,0
DA:134,0
DA:135,0
LF:47
LH:0
end_of_record
SF:lib/src/core/design_system/components/molecules/profile_stats.dart
DA:7,0
DA:22,0
DA:24,0
DA:25,0
DA:27,0
DA:28,0
DA:29,0
DA:30,0
DA:32,0
DA:33,0
DA:34,0
DA:37,0
DA:38,0
DA:40,0
DA:48,0
DA:53,0
DA:55,0
DA:56,0
DA:59,0
DA:60,0
DA:61,0
DA:62,0
DA:64,0
DA:68,0
DA:69,0
DA:70,0
DA:71,0
DA:73,0
DA:74,0
LF:29
LH:0
end_of_record
SF:lib/src/core/design_system/components/molecules/profile_tab_bar.dart
DA:6,0
DA:15,0
DA:17,0
DA:18,0
DA:19,0
DA:20,0
DA:21,0
LF:7
LH:0
end_of_record
SF:lib/src/core/design_system/components/molecules/recording_button.dart
DA:18,0
DA:40,0
DA:41,0
DA:58,0
DA:60,0
DA:61,0
DA:66,0
DA:69,0
DA:71,0
DA:72,0
DA:74,0
DA:76,0
DA:79,0
DA:81,0
DA:82,0
DA:86,0
DA:88,0
DA:89,0
DA:90,0
DA:91,0
DA:93,0
DA:98,0
DA:100,0
DA:101,0
DA:104,0
DA:105,0
DA:106,0
DA:107,0
DA:110,0
DA:111,0
DA:112,0
DA:113,0
DA:114,0
DA:117,0
DA:118,0
DA:119,0
DA:120,0
DA:121,0
DA:124,0
DA:126,0
DA:127,0
DA:128,0
DA:129,0
DA:131,0
DA:132,0
DA:135,0
DA:138,0
DA:140,0
DA:142,0
DA:145,0
DA:147,0
DA:151,0
DA:152,0
DA:153,0
DA:154,0
DA:155,0
DA:156,0
DA:157,0
DA:158,0
DA:159,0
DA:160,0
LF:61
LH:0
end_of_record
SF:lib/src/core/design_system/components/molecules/recording_timer.dart
DA:6,0
DA:15,0
DA:17,0
DA:18,0
DA:19,0
DA:20,0
DA:21,0
DA:22,0
DA:24,0
DA:27,0
DA:29,0
DA:30,0
DA:31,0
DA:32,0
DA:34,0
DA:35,0
DA:39,0
DA:41,0
DA:42,0
DA:51,0
DA:53,0
LF:21
LH:0
end_of_record
SF:lib/src/core/design_system/components/molecules/story_circle.dart
DA:16,0
DA:24,0
DA:28,0
DA:37,0
DA:42,0
DA:51,0
DA:52,0
DA:62,0
DA:66,0
DA:83,0
DA:85,0
DA:86,0
DA:88,0
DA:91,0
DA:92,0
DA:93,0
DA:96,0
DA:97,0
DA:100,0
DA:104,0
DA:106,0
DA:107,0
DA:109,0
DA:111,0
DA:113,0
DA:114,0
DA:115,0
DA:118,0
DA:122,0
DA:133,0
DA:134,0
DA:137,0
DA:138,0
DA:140,0
DA:141,0
DA:153,0
DA:154,0
DA:155,0
DA:156,0
DA:157,0
DA:159,0
DA:166,0
DA:170,0
DA:172,0
DA:174,0
DA:176,0
DA:178,0
DA:179,0
DA:181,0
DA:188,0
DA:190,0
DA:191,0
DA:193,0
DA:196,0
DA:199,0
DA:202,0
LF:56
LH:0
end_of_record
SF:lib/src/core/design_system/components/organisms/bottom_nav_bar.dart
DA:9,0
DA:27,0
DA:29,0
DA:32,0
DA:34,0
DA:36,0
DA:37,0
DA:39,0
DA:40,0
DA:41,0
DA:44,0
DA:45,0
DA:46,0
DA:47,0
DA:48,0
DA:49,0
DA:53,0
DA:59,0
DA:60,0
DA:61,0
DA:62,0
DA:63,0
DA:67,0
DA:73,0
DA:74,0
DA:75,0
DA:76,0
DA:77,0
DA:81,0
DA:87,0
DA:88,0
DA:89,0
DA:90,0
DA:91,0
DA:95,0
DA:99,0
DA:103,0
DA:104,0
DA:105,0
DA:106,0
DA:107,0
DA:119,0
DA:123,0
DA:125,0
DA:127,0
DA:128,0
DA:129,0
DA:130,0
DA:131,0
DA:132,0
DA:134,0
DA:139,0
DA:145,0
DA:155,0
DA:157,0
DA:159,0
DA:160,0
DA:162,0
DA:164,0
DA:165,0
DA:167,0
DA:168,0
DA:176,0
DA:186,0
DA:187,0
DA:193,0
DA:194,0
DA:195,0
DA:198,0
DA:200,0
DA:202,0
DA:204,0
DA:205,0
DA:206,0
DA:207,0
DA:208,0
DA:212,0
DA:219,0
DA:231,0
DA:233,0
DA:237,0
DA:239,0
DA:240,0
DA:241,0
DA:244,0
DA:246,0
DA:247,0
DA:250,0
DA:251,0
DA:254,0
DA:263,0
DA:277,0
DA:279,0
DA:280,0
DA:281,0
DA:283,0
DA:284,0
DA:286,0
DA:288,0
DA:290,0
DA:291,0
DA:292,0
DA:294,0
DA:295,0
DA:297,0
DA:300,0
DA:306,0
DA:307,0
DA:312,0
DA:314,0
DA:315,0
DA:318,0
DA:324,0
DA:325,0
DA:339,0
DA:343,0
DA:345,0
DA:346,0
DA:349,0
DA:350,0
DA:354,0
DA:356,0
DA:357,0
DA:362,0
DA:363,0
DA:376,0
DA:387,0
DA:391,0
DA:392,0
DA:393,0
DA:400,0
DA:402,0
DA:403,0
DA:405,0
DA:407,0
DA:408,0
DA:412,0
DA:416,0
DA:417,0
LF:139
LH:0
end_of_record
SF:lib/src/features/notifications/providers/unread_count_provider.g.dart
DA:13,0
DA:17,0
DA:20,0
DA:28,0
DA:29,0
DA:31,0
DA:33,0
DA:35,0
DA:38,0
DA:40,0
DA:42,0
DA:44,0
DA:47,0
DA:49,0
DA:53,0
DA:65,0
DA:66,0
DA:74,0
DA:75,0
DA:77,0
DA:83,0
DA:86,0
DA:89,0
DA:91,0
DA:98,0
LF:25
LH:0
end_of_record
SF:lib/src/features/notifications/providers/unread_count_provider.dart
DA:15,0
DA:17,0
DA:18,0
DA:20,0
DA:23,0
DA:25,0
DA:28,0
DA:29,0
DA:31,0
DA:32,0
DA:41,0
DA:42,0
DA:43,0
LF:13
LH:0
end_of_record
SF:lib/src/core/design_system/components/organisms/side_action_bar.dart
DA:7,1
DA:44,1
DA:45,1
DA:49,1
DA:51,1
DA:52,1
DA:55,2
DA:56,2
DA:57,2
DA:58,2
DA:59,0
DA:61,0
DA:63,1
DA:64,2
DA:67,1
DA:68,1
DA:69,2
DA:70,2
DA:73,1
DA:74,2
DA:75,1
DA:77,2
DA:79,2
DA:80,2
DA:84,2
DA:86,1
DA:87,1
DA:88,2
DA:89,2
DA:93,2
DA:94,0
DA:96,0
DA:97,0
DA:98,0
DA:103,2
DA:104,0
DA:106,0
DA:110,1
DA:115,1
DA:135,1
DA:136,1
DA:144,1
DA:146,1
DA:147,2
DA:151,1
DA:152,2
DA:153,2
DA:154,2
DA:155,2
DA:156,1
DA:157,2
DA:161,0
DA:163,0
DA:164,0
DA:165,0
DA:169,1
DA:171,2
DA:172,1
DA:175,1
DA:177,1
DA:178,2
DA:180,2
DA:181,2
DA:182,1
DA:183,1
DA:184,1
DA:185,1
DA:186,1
DA:187,1
DA:188,2
DA:189,0
DA:190,2
DA:194,1
DA:197,3
DA:200,5
DA:201,1
DA:202,2
DA:204,2
DA:205,1
DA:207,1
DA:208,2
DA:225,0
DA:230,0
DA:234,0
DA:236,0
DA:237,0
DA:238,0
DA:239,0
DA:241,0
DA:242,0
LF:90
LH:68
end_of_record
SF:lib/src/core/pro_video_editor/ui/widgets/audio/sound_artwork.dart
DA:6,1
DA:19,1
DA:21,1
DA:24,0
DA:25,0
DA:27,1
DA:28,2
DA:29,1
DA:30,1
DA:31,1
DA:32,1
DA:34,0
DA:39,0
DA:40,0
DA:41,0
DA:42,0
DA:44,2
DA:52,1
DA:59,1
DA:61,1
DA:64,1
DA:65,1
LF:22
LH:15
end_of_record
SF:lib/src/core/design_system/components/organisms/sticky_profile_tab_bar.dart
DA:4,0
DA:9,0
DA:15,0
DA:18,0
DA:19,0
DA:21,0
DA:22,0
DA:24,0
DA:26,0
LF:9
LH:0
end_of_record
SF:lib/src/core/design_system/templates/chat_list_page_template.dart
DA:8,0
DA:28,0
DA:39,0
DA:57,0
DA:59,0
DA:61,0
DA:62,0
DA:63,0
DA:65,0
DA:67,0
DA:68,0
DA:69,0
DA:71,0
DA:72,0
DA:73,0
DA:74,0
DA:78,0
DA:79,0
DA:80,0
DA:81,0
DA:82,0
DA:83,0
DA:84,0
DA:85,0
DA:87,0
DA:88,0
DA:89,0
DA:90,0
DA:91,0
DA:102,0
DA:105,0
DA:109,0
DA:111,0
DA:112,0
DA:114,0
DA:115,0
DA:118,0
DA:119,0
DA:120,0
DA:123,0
DA:124,0
DA:125,0
DA:126,0
DA:127,0
DA:134,0
DA:135,0
DA:138,0
DA:139,0
DA:145,0
DA:146,0
DA:147,0
DA:148,0
DA:151,0
DA:152,0
DA:153,0
DA:154,0
DA:155,0
DA:161,0
DA:162,0
DA:165,0
DA:166,0
DA:167,0
DA:169,0
DA:170,0
DA:178,0
DA:182,0
DA:184,0
DA:185,0
DA:187,0
DA:188,0
DA:189,0
DA:196,4
DA:198,0
DA:200,0
DA:202,0
DA:205,0
DA:206,0
DA:209,0
DA:215,0
DA:216,0
DA:217,0
DA:218,0
DA:219,0
DA:221,0
DA:222,0
DA:229,0
DA:230,0
DA:233,0
DA:234,0
DA:241,0
DA:244,0
DA:245,0
DA:247,0
DA:248,0
LF:94
LH:1
end_of_record
SF:lib/src/core/design_system/templates/chat_thread_page_template.dart
DA:9,0
DA:26,0
DA:28,0
DA:29,0
DA:31,0
DA:32,0
DA:33,0
DA:34,0
DA:37,0
DA:38,0
DA:39,0
DA:40,0
DA:41,0
DA:45,0
DA:46,0
DA:48,0
DA:49,0
DA:50,0
DA:51,0
DA:52,0
DA:55,0
DA:56,0
DA:57,0
DA:58,0
DA:68,0
DA:69,0
DA:70,0
DA:73,0
DA:75,0
DA:76,0
DA:78,0
DA:80,0
DA:81,0
DA:82,0
DA:83,0
LF:35
LH:0
end_of_record
SF:lib/src/core/design_system/templates/explore_loading_skeletons.dart
DA:7,4
DA:11,0
DA:13,0
DA:14,0
DA:17,0
DA:18,0
DA:30,4
DA:34,0
DA:36,0
DA:37,0
DA:41,0
DA:42,0
DA:54,4
DA:58,0
DA:60,0
DA:62,0
DA:64,0
DA:65,0
DA:66,0
DA:67,0
DA:70,0
DA:77,0
DA:79,0
DA:80,0
DA:82,0
DA:84,0
DA:96,4
DA:98,0
DA:100,0
DA:101,0
DA:102,0
DA:106,0
DA:108,0
DA:109,0
DA:112,0
DA:113,0
DA:114,0
DA:115,0
DA:116,0
DA:119,0
DA:121,0
DA:123,0
DA:124,0
DA:125,0
DA:128,0
DA:130,0
DA:135,0
DA:136,0
DA:138,0
DA:139,0
DA:142,0
DA:143,0
DA:145,0
DA:147,0
DA:153,0
DA:156,0
DA:157,0
DA:159,0
DA:161,0
DA:167,0
DA:170,0
DA:171,0
DA:173,0
DA:175,0
DA:181,0
DA:184,0
DA:185,0
DA:187,0
DA:189,0
DA:198,0
DA:199,0
DA:202,0
DA:204,0
LF:73
LH:4
end_of_record
SF:lib/src/core/design_system/templates/explore_page_template.dart
DA:6,0
DA:35,0
DA:37,0
DA:38,0
DA:40,0
DA:41,0
DA:42,0
DA:43,0
DA:45,0
DA:46,0
DA:47,0
DA:48,0
DA:55,0
DA:56,0
DA:58,0
DA:59,0
DA:60,0
DA:61,0
DA:62,0
DA:65,0
DA:66,0
DA:67,0
DA:68,0
LF:23
LH:0
end_of_record
SF:lib/src/core/design_system/templates/feeds_bar_template.dart
DA:21,0
DA:45,0
DA:48,0
DA:50,0
DA:54,0
DA:56,0
DA:58,0
DA:59,0
DA:60,0
DA:63,0
DA:65,0
DA:66,0
DA:67,0
DA:72,0
DA:73,0
DA:74,0
DA:75,0
DA:76,0
DA:77,0
DA:78,0
DA:79,0
LF:21
LH:0
end_of_record
SF:lib/src/core/design_system/templates/image_review_page_template.dart
DA:20,1
DA:83,1
DA:85,1
DA:86,1
DA:87,1
DA:89,1
DA:90,2
DA:91,1
DA:92,2
DA:94,1
DA:95,3
DA:96,1
DA:98,2
DA:101,1
DA:102,1
DA:103,1
DA:104,1
DA:105,1
DA:108,1
DA:110,1
DA:112,1
DA:113,1
DA:114,1
DA:115,1
DA:116,1
DA:117,1
DA:118,1
DA:119,1
DA:121,1
DA:123,0
DA:125,0
DA:126,0
DA:127,0
DA:128,0
DA:129,0
DA:135,2
DA:137,1
DA:138,1
DA:139,1
DA:140,1
DA:141,1
DA:144,1
DA:145,1
DA:146,1
DA:147,1
DA:148,1
DA:149,1
DA:151,1
DA:152,1
DA:153,1
DA:154,1
DA:155,1
DA:162,1
DA:164,1
DA:166,1
DA:167,0
DA:170,0
DA:171,0
DA:172,0
DA:183,1
DA:184,1
DA:185,2
DA:199,1
DA:215,1
DA:217,2
DA:218,0
DA:219,0
DA:221,0
DA:223,0
DA:228,0
DA:230,0
DA:231,0
DA:232,0
DA:234,0
DA:236,0
DA:238,0
DA:239,0
DA:240,0
DA:241,0
DA:242,0
DA:243,0
DA:244,0
DA:245,0
DA:246,0
DA:247,0
DA:249,0
DA:250,0
DA:251,0
DA:255,0
DA:258,0
DA:263,0
DA:264,0
DA:265,0
DA:266,0
DA:267,0
DA:270,0
DA:272,0
DA:279,0
DA:281,0
DA:289,0
DA:292,0
DA:294,0
DA:296,0
DA:297,0
DA:298,0
DA:303,0
DA:304,0
DA:305,0
DA:306,0
DA:307,0
DA:310,0
DA:311,0
DA:312,0
DA:315,0
DA:325,0
DA:326,0
DA:327,0
DA:329,0
DA:331,0
DA:332,0
DA:333,0
DA:336,0
DA:350,0
DA:351,0
DA:353,0
DA:358,0
DA:359,0
DA:360,0
DA:361,0
DA:363,0
DA:364,0
DA:365,0
DA:380,1
DA:392,1
DA:394,1
DA:395,1
DA:396,1
DA:397,4
DA:400,1
DA:402,1
DA:403,1
DA:404,1
DA:411,1
DA:412,2
DA:413,1
DA:414,1
DA:415,3
DA:417,1
DA:420,1
DA:421,1
DA:422,1
DA:423,1
DA:428,3
DA:430,2
DA:431,1
DA:432,1
DA:434,1
DA:436,1
DA:443,1
DA:455,1
DA:457,1
DA:458,2
DA:459,0
DA:460,3
DA:461,3
DA:462,2
DA:464,1
DA:466,1
DA:467,1
DA:468,0
DA:469,0
DA:470,0
DA:471,0
DA:473,1
DA:474,0
DA:475,0
DA:476,0
DA:480,0
DA:482,0
DA:484,0
DA:485,0
DA:486,0
DA:491,0
DA:502,1
DA:512,1
DA:514,1
DA:515,1
DA:517,2
DA:520,2
DA:521,1
DA:523,1
DA:524,1
DA:525,1
DA:527,1
DA:528,1
DA:529,1
DA:531,1
DA:536,1
DA:538,1
DA:540,3
DA:541,0
DA:544,1
DA:546,0
DA:549,0
DA:550,0
DA:551,0
DA:552,0
DA:554,0
DA:556,0
DA:563,0
DA:564,0
DA:568,0
LF:212
LH:110
end_of_record
SF:lib/src/core/design_system/templates/info_bar_template.dart
DA:9,0
DA:61,0
DA:62,0
DA:69,0
DA:70,0
DA:71,0
DA:74,0
DA:78,0
DA:79,0
DA:81,0
DA:83,0
DA:84,0
DA:85,0
DA:86,0
DA:87,0
DA:88,0
DA:89,0
DA:90,0
DA:91,0
DA:93,0
DA:94,0
DA:95,0
DA:97,0
DA:101,0
DA:102,0
DA:103,0
DA:104,0
DA:111,0
DA:116,0
DA:117,0
DA:119,0
DA:121,0
DA:128,0
DA:134,0
DA:137,0
DA:138,0
DA:139,0
DA:141,0
DA:142,0
DA:143,0
DA:144,0
DA:146,0
DA:147,0
DA:154,0
DA:156,0
DA:159,0
DA:160,0
DA:161,0
DA:170,0
DA:173,0
DA:175,0
DA:176,0
DA:177,0
DA:180,0
DA:181,0
DA:182,0
DA:183,0
DA:184,0
DA:186,0
DA:188,0
DA:199,0
DA:202,0
DA:204,0
DA:209,0
DA:211,0
DA:212,0
DA:213,0
DA:214,0
DA:216,0
DA:218,0
DA:219,0
DA:220,0
DA:221,0
LF:73
LH:0
end_of_record
SF:lib/src/core/design_system/templates/profile_page_template.dart
DA:16,0
DA:91,0
DA:93,0
DA:94,0
DA:95,0
DA:96,0
DA:98,0
DA:99,0
DA:101,0
DA:102,0
DA:103,0
DA:104,0
DA:108,0
DA:109,0
DA:111,0
DA:112,0
DA:113,0
DA:114,0
DA:115,0
DA:116,0
DA:117,0
DA:118,0
DA:119,0
DA:120,0
DA:121,0
DA:122,0
DA:123,0
DA:124,0
DA:125,0
DA:126,0
DA:127,0
DA:128,0
DA:129,0
DA:130,0
DA:131,0
DA:132,0
DA:133,0
DA:134,0
DA:135,0
DA:136,0
DA:137,0
DA:138,0
DA:139,0
DA:143,0
DA:145,0
DA:147,0
DA:148,0
DA:150,0
DA:160,0
DA:212,0
DA:214,0
DA:216,0
DA:218,0
DA:219,0
DA:221,0
DA:222,0
DA:223,0
DA:224,0
DA:225,0
DA:226,0
DA:228,0
DA:229,0
DA:230,0
DA:234,0
DA:235,0
DA:237,0
DA:238,0
DA:239,0
DA:240,0
DA:241,0
DA:242,0
DA:247,0
DA:248,0
DA:249,0
DA:250,0
DA:252,0
DA:258,0
DA:259,0
DA:260,0
DA:261,0
DA:262,0
DA:263,0
DA:270,0
DA:271,0
DA:273,0
DA:274,0
DA:275,0
DA:276,0
DA:277,0
DA:278,0
DA:281,0
DA:282,0
DA:283,0
DA:285,0
DA:286,0
DA:287,0
DA:288,0
DA:289,0
DA:290,0
DA:291,0
DA:292,0
DA:293,0
DA:303,1
DA:312,1
DA:314,1
DA:316,2
DA:317,2
DA:321,1
DA:322,1
DA:323,2
DA:324,3
DA:325,1
DA:326,1
DA:328,1
DA:330,1
DA:331,1
DA:332,1
DA:333,1
DA:334,1
DA:335,1
DA:337,1
DA:338,1
DA:339,1
DA:341,1
DA:342,2
DA:343,1
DA:344,1
DA:347,1
DA:353,1
DA:354,1
DA:357,1
DA:358,2
DA:370,1
DA:375,2
DA:376,2
DA:377,1
DA:378,0
DA:380,1
DA:383,2
DA:384,1
DA:385,1
DA:391,0
DA:394,1
DA:395,1
DA:396,2
DA:399,0
LF:146
LH:41
end_of_record
SF:lib/src/core/design_system/templates/recording_page_template.dart
DA:15,0
DA:72,0
DA:74,0
DA:76,0
DA:77,0
DA:78,0
DA:79,0
DA:80,0
DA:81,0
DA:82,0
DA:83,0
DA:84,0
DA:89,0
DA:90,0
DA:92,0
DA:94,0
DA:96,0
DA:98,0
DA:99,0
DA:101,0
DA:104,0
DA:105,0
DA:106,0
DA:110,0
DA:111,0
DA:112,0
DA:113,0
DA:114,0
DA:116,0
DA:117,0
DA:118,0
DA:119,0
DA:124,0
DA:125,0
DA:126,0
DA:127,0
DA:128,0
DA:129,0
DA:130,0
DA:131,0
DA:132,0
DA:133,0
DA:137,0
DA:138,0
DA:139,0
DA:147,0
DA:149,0
DA:150,0
DA:160,0
DA:170,0
DA:172,0
DA:173,0
DA:174,0
DA:176,0
DA:178,0
DA:180,0
DA:182,0
DA:183,0
DA:185,0
DA:186,0
DA:188,0
DA:199,0
DA:203,0
DA:205,0
DA:207,0
DA:209,0
DA:210,0
DA:211,0
DA:218,0
DA:222,0
DA:226,0
DA:227,0
DA:228,0
DA:229,0
DA:230,0
DA:232,0
DA:233,0
DA:234,0
DA:239,0
DA:240,0
DA:242,0
DA:244,0
DA:246,0
DA:256,0
DA:257,0
DA:277,0
DA:287,0
DA:289,0
DA:291,0
DA:293,0
DA:295,0
DA:296,0
DA:297,0
DA:298,0
DA:307,0
DA:312,0
DA:316,0
DA:317,0
DA:318,0
DA:319,0
DA:321,0
DA:323,0
DA:324,0
DA:325,0
DA:328,0
DA:330,0
DA:331,0
DA:333,0
DA:334,0
DA:350,0
DA:354,0
DA:356,0
DA:357,0
DA:358,0
DA:359,0
DA:361,0
DA:362,0
DA:363,0
DA:364,0
DA:367,0
DA:369,0
DA:384,0
DA:398,0
DA:400,0
DA:402,0
DA:403,0
DA:404,0
DA:407,0
DA:410,0
DA:414,0
DA:416,0
DA:418,0
DA:419,0
DA:420,0
DA:421,0
DA:422,0
DA:423,0
DA:427,0
DA:429,0
DA:431,0
DA:443,0
DA:453,0
DA:455,0
DA:456,0
DA:459,0
DA:460,0
DA:462,0
DA:463,0
DA:464,0
DA:466,0
DA:468,0
DA:469,0
DA:471,0
DA:473,0
DA:474,0
DA:475,0
DA:477,0
DA:478,0
DA:479,0
DA:481,0
DA:482,0
DA:484,0
DA:488,0
DA:490,0
DA:497,0
DA:498,0
DA:514,0
DA:515,0
DA:517,0
DA:518,0
DA:519,0
DA:540,0
DA:544,0
DA:546,0
DA:547,0
DA:548,0
DA:549,0
DA:551,0
DA:554,0
DA:555,0
DA:556,0
DA:557,0
DA:558,0
DA:561,0
DA:563,0
DA:565,0
DA:566,0
DA:578,0
DA:582,0
DA:584,0
DA:585,0
DA:586,0
DA:587,0
DA:589,0
DA:592,0
DA:593,0
DA:594,0
DA:595,0
DA:596,0
DA:599,0
DA:601,0
DA:603,0
DA:604,0
LF:203
LH:0
end_of_record
SF:lib/src/core/design_system/templates/video_review_page_template.dart
DA:17,0
DA:67,0
DA:69,0
DA:70,0
DA:71,0
DA:73,0
DA:74,0
DA:75,0
DA:76,0
DA:78,0
DA:79,0
DA:80,0
DA:82,0
DA:85,0
DA:86,0
DA:87,0
DA:88,0
DA:89,0
DA:92,0
DA:94,0
DA:96,0
DA:97,0
DA:98,0
DA:99,0
DA:100,0
DA:102,0
DA:104,0
DA:105,0
DA:106,0
DA:107,0
DA:108,0
DA:109,0
DA:112,0
DA:113,0
DA:114,0
DA:115,0
DA:116,0
DA:117,0
DA:119,0
DA:121,0
DA:122,0
DA:123,0
DA:131,0
DA:133,0
DA:135,0
DA:136,0
DA:139,0
DA:140,0
DA:141,0
DA:152,0
DA:153,0
DA:154,0
DA:168,0
DA:182,0
DA:184,0
DA:185,0
DA:186,0
DA:187,0
DA:188,0
DA:190,0
DA:192,0
DA:193,0
DA:194,0
DA:195,0
DA:197,0
DA:199,0
DA:200,0
DA:201,0
DA:202,0
DA:203,0
DA:204,0
DA:205,0
DA:206,0
DA:210,0
DA:211,0
DA:212,0
DA:213,0
DA:218,0
DA:219,0
DA:220,0
DA:221,0
DA:223,0
DA:224,0
DA:227,0
DA:229,0
DA:231,0
DA:232,0
DA:233,0
DA:244,0
DA:254,0
DA:256,0
DA:257,0
DA:259,0
DA:261,0
DA:266,0
DA:267,0
DA:268,0
DA:269,0
DA:270,0
DA:272,0
DA:274,0
DA:275,0
DA:276,0
DA:277,0
DA:280,0
DA:281,0
DA:282,0
DA:287,0
DA:288,0
DA:289,0
DA:290,0
DA:292,0
DA:294,0
DA:310,0
DA:322,0
DA:324,0
DA:325,0
DA:326,0
DA:327,0
DA:328,0
DA:329,0
DA:331,0
DA:333,0
DA:334,0
DA:335,0
DA:336,0
DA:337,0
DA:338,0
DA:340,0
DA:341,0
DA:342,0
DA:343,0
DA:347,0
DA:349,0
DA:351,0
DA:352,0
DA:353,0
DA:358,0
DA:369,0
DA:374,0
DA:376,0
DA:377,0
DA:379,0
DA:380,0
DA:381,0
DA:382,0
DA:383,0
DA:385,0
DA:387,0
DA:389,0
DA:390,0
DA:393,0
DA:394,0
LF:153
LH:0
end_of_record
SF:lib/src/core/design_system/theme/color_scheme.dart
DA:6,0
LF:1
LH:0
end_of_record
SF:lib/src/core/design_system/theme/text_theme.dart
DA:8,0
DA:40,2
DA:41,2
LF:3
LH:2
end_of_record
SF:lib/src/core/design_system/tokens/constants.dart
DA:2,0
LF:1
LH:0
end_of_record
SF:lib/src/core/di/service_locator.dart
DA:33,0
DA:37,0
DA:44,0
DA:48,0
DA:49,0
DA:53,0
DA:58,0
DA:59,0
DA:60,0
DA:61,0
DA:62,0
DA:63,0
DA:64,0
DA:66,0
DA:67,0
DA:69,0
DA:70,0
DA:72,0
DA:73,0
DA:75,0
DA:76,0
DA:77,0
DA:79,0
DA:80,0
DA:82,0
DA:83,0
DA:85,0
DA:86,0
DA:88,0
DA:89,0
DA:92,0
DA:93,0
DA:94,0
DA:95,0
DA:96,0
DA:99,0
DA:102,0
DA:103,0
DA:107,0
DA:108,0
DA:111,0
DA:112,0
DA:113,0
DA:117,0
DA:118,0
DA:119,0
LF:46
LH:0
end_of_record
SF:lib/src/core/network/atproto/data/repositories/actor_repository_impl.dart
DA:26,2
DA:27,3
DA:28,4
DA:33,1
DA:38,3
DA:39,3
DA:40,3
DA:41,2
DA:42,1
DA:45,3
DA:47,0
DA:48,0
DA:53,0
DA:55,0
DA:57,0
DA:58,0
DA:62,0
DA:67,1
DA:68,1
DA:69,1
DA:70,3
DA:72,2
DA:73,1
DA:77,0
DA:82,0
DA:83,0
DA:84,0
DA:85,0
DA:86,0
DA:89,0
DA:91,0
DA:92,0
DA:95,0
DA:96,0
DA:97,0
DA:100,0
DA:101,0
DA:102,0
DA:103,0
DA:106,0
DA:107,0
DA:111,1
DA:116,3
DA:117,3
DA:118,1
DA:119,3
DA:121,0
DA:124,1
DA:125,1
DA:126,1
DA:130,3
DA:133,2
DA:135,1
DA:139,0
DA:143,0
DA:144,0
DA:145,0
DA:146,0
DA:147,0
DA:148,0
DA:151,0
DA:152,0
DA:153,0
DA:156,0
DA:159,1
DA:165,3
DA:166,0
DA:169,1
DA:175,3
DA:177,0
DA:180,3
DA:182,0
DA:185,1
DA:186,1
DA:187,1
DA:191,1
DA:196,0
DA:198,0
DA:200,0
DA:201,0
DA:203,0
DA:204,0
DA:205,0
DA:206,0
DA:209,0
DA:211,0
DA:215,0
DA:216,0
DA:224,1
DA:229,3
DA:230,3
DA:231,1
DA:232,2
DA:233,1
DA:235,0
DA:236,0
DA:237,0
DA:240,0
DA:242,0
DA:243,0
DA:248,0
DA:250,0
DA:252,0
DA:253,0
DA:257,0
DA:262,0
DA:263,0
DA:264,0
DA:265,0
DA:267,0
DA:268,0
LF:111
LH:42
end_of_record
SF:lib/src/core/network/atproto/data/repositories/graph_repository_impl.dart
DA:23,1
DA:28,0
DA:30,2
DA:36,1
DA:41,3
DA:42,3
DA:43,3
DA:44,0
DA:45,0
DA:48,3
DA:50,0
DA:51,0
DA:54,1
DA:56,1
DA:58,1
DA:59,1
DA:60,1
DA:64,3
DA:66,2
DA:67,1
DA:68,0
DA:69,0
DA:70,0
DA:75,0
DA:78,0
DA:79,0
DA:80,0
DA:81,0
DA:82,0
DA:85,0
DA:87,0
DA:88,0
DA:91,0
DA:93,0
DA:95,0
DA:96,0
DA:97,0
DA:101,0
DA:103,0
DA:104,0
DA:105,0
DA:106,0
DA:107,0
DA:112,1
DA:117,3
DA:118,3
DA:119,3
DA:120,2
DA:121,1
DA:124,0
DA:126,0
DA:127,0
DA:130,0
DA:132,0
DA:134,0
DA:135,0
DA:136,0
DA:140,0
DA:142,0
DA:143,0
DA:144,0
DA:145,0
DA:146,0
DA:151,1
DA:153,3
DA:154,3
DA:155,3
DA:156,0
DA:157,0
DA:160,3
DA:162,0
DA:163,0
DA:166,3
DA:168,0
DA:169,0
DA:177,3
DA:178,1
DA:179,1
DA:180,1
DA:186,3
DA:187,4
DA:191,3
DA:192,1
DA:195,3
DA:197,0
DA:200,0
DA:201,1
DA:204,1
DA:206,3
DA:212,4
DA:216,2
DA:222,1
DA:224,3
DA:225,3
DA:226,3
DA:230,2
DA:234,0
DA:239,0
DA:240,0
DA:241,0
DA:242,0
DA:243,0
DA:246,0
DA:248,0
DA:249,0
DA:252,0
DA:254,0
DA:256,0
DA:257,0
DA:258,0
DA:259,0
DA:261,0
DA:262,0
DA:263,0
DA:264,0
DA:265,0
DA:270,0
DA:272,0
DA:273,0
DA:274,0
DA:275,0
DA:276,0
DA:279,0
DA:281,0
DA:282,0
DA:285,0
DA:287,0
DA:288,0
DA:294,0
DA:295,0
DA:296,0
DA:297,0
DA:303,0
DA:304,0
DA:308,0
DA:309,0
DA:312,0
DA:314,0
DA:315,0
DA:317,0
DA:323,0
DA:327,0
DA:333,0
DA:335,0
DA:336,0
DA:337,0
DA:341,0
DA:345,0
DA:347,0
DA:348,0
DA:351,0
DA:352,0
DA:356,0
DA:357,0
DA:358,0
LF:155
LH:46
end_of_record
SF:lib/src/core/network/atproto/data/repositories/notification_repository_impl.dart
DA:21,1
DA:27,0
DA:30,0
DA:31,2
DA:37,1
DA:44,3
DA:48,3
DA:49,3
DA:50,0
DA:51,0
DA:54,3
DA:56,0
DA:57,0
DA:60,1
DA:61,1
DA:62,1
DA:64,1
DA:66,1
DA:68,3
DA:71,2
DA:72,1
DA:76,1
DA:78,3
DA:79,3
DA:80,3
DA:81,2
DA:82,1
DA:85,3
DA:87,0
DA:88,0
DA:91,1
DA:92,1
DA:93,1
DA:96,3
DA:99,1
DA:100,2
DA:105,0
DA:107,0
DA:108,0
DA:109,0
DA:110,0
DA:111,0
DA:114,0
DA:116,0
DA:117,0
DA:120,0
DA:121,0
DA:122,0
DA:123,0
DA:128,0
DA:130,0
DA:133,0
DA:137,0
DA:143,0
DA:144,0
DA:145,0
DA:146,0
DA:147,0
DA:150,0
DA:152,0
DA:153,0
DA:157,0
DA:159,0
DA:163,0
DA:166,0
DA:172,0
DA:173,0
DA:175,0
DA:178,0
DA:182,0
DA:188,0
DA:189,0
DA:190,0
DA:191,0
DA:192,0
DA:195,0
DA:197,0
DA:198,0
DA:202,0
DA:204,0
DA:208,0
DA:211,0
DA:217,0
DA:218,0
DA:220,0
DA:223,0
LF:86
LH:28
end_of_record
SF:lib/src/core/network/atproto/data/repositories/pref_repository_impl.dart
DA:15,1
DA:17,0
DA:18,2
DA:23,1
DA:25,2
DA:26,3
DA:27,3
DA:28,2
DA:29,1
DA:32,3
DA:34,0
DA:35,0
DA:38,1
DA:39,1
DA:40,3
DA:43,2
DA:44,0
DA:45,0
DA:48,1
DA:52,1
DA:54,3
DA:55,3
DA:56,0
DA:57,0
DA:60,3
DA:62,0
DA:63,0
DA:66,1
DA:67,1
DA:68,1
DA:69,1
DA:71,3
DA:74,2
DA:75,0
DA:76,0
DA:79,2
LF:36
LH:25
end_of_record
SF:lib/src/core/network/atproto/data/repositories/sprk_repository_impl.dart
DA:27,1
DA:28,1
DA:29,1
DA:31,0
DA:32,4
DA:50,0
DA:51,0
DA:54,1
DA:55,1
DA:57,1
DA:58,1
DA:60,0
DA:61,0
DA:63,0
DA:64,0
DA:66,1
DA:67,2
DA:68,2
DA:71,1
DA:72,2
DA:73,2
DA:83,1
DA:86,2
DA:89,1
DA:94,2
DA:95,2
DA:96,2
DA:98,2
DA:100,2
DA:101,1
DA:104,2
DA:108,1
DA:110,2
DA:115,2
DA:121,1
DA:122,2
DA:124,1
DA:125,2
DA:127,0
DA:128,0
DA:130,0
DA:131,0
DA:133,1
DA:134,2
DA:136,0
DA:137,0
DA:139,1
DA:140,2
DA:142,0
DA:144,0
LF:50
LH:35
end_of_record
SF:lib/src/core/network/messages/data/repository/messages_repository_xrpc.dart
DA:33,0
DA:38,0
DA:39,0
DA:45,1
DA:50,1
DA:57,1
DA:63,0
DA:65,0
DA:82,1
DA:87,2
DA:88,1
DA:89,2
DA:90,2
DA:92,1
DA:94,1
DA:97,2
DA:98,0
DA:100,2
DA:101,2
DA:103,1
DA:104,3
DA:108,3
DA:114,1
DA:119,2
DA:120,3
DA:122,1
DA:124,1
DA:127,1
DA:129,2
DA:134,0
DA:136,2
DA:138,0
DA:141,4
DA:142,2
DA:143,2
DA:145,0
DA:146,0
DA:150,0
DA:155,1
DA:161,1
DA:162,2
DA:163,1
DA:164,1
DA:167,1
DA:169,1
DA:170,1
DA:171,1
DA:172,1
DA:174,1
DA:177,1
DA:179,2
DA:181,0
DA:182,0
DA:186,1
DA:190,3
DA:192,4
DA:193,1
DA:194,2
DA:196,2
DA:198,1
DA:200,1
DA:203,2
DA:204,0
DA:206,2
DA:207,2
DA:208,1
DA:209,1
DA:211,1
DA:214,0
DA:215,0
DA:220,1
DA:226,1
DA:227,1
DA:228,2
DA:229,0
DA:232,1
DA:234,1
DA:235,1
DA:236,1
DA:237,1
DA:239,1
DA:242,1
DA:253,1
DA:255,1
DA:257,1
DA:259,1
DA:261,1
DA:263,2
DA:266,0
DA:272,0
DA:278,0
DA:280,0
DA:281,0
DA:285,0
DA:291,0
DA:297,0
DA:299,0
DA:300,0
DA:304,0
DA:306,0
DA:308,0
DA:310,0
DA:311,0
DA:316,1
DA:320,2
DA:321,2
DA:322,1
DA:323,1
DA:325,2
DA:326,2
DA:327,1
LF:111
LH:79
end_of_record
SF:lib/src/core/network/xrpc/service_auth_helper.dart
DA:12,0
DA:13,0
DA:24,0
DA:28,0
DA:29,0
DA:31,0
DA:32,0
DA:34,0
DA:36,0
DA:37,0
DA:41,0
DA:43,0
DA:44,0
DA:50,0
DA:52,0
DA:59,0
DA:60,0
DA:61,0
DA:65,0
DA:66,0
DA:67,0
DA:68,0
DA:74,0
DA:77,0
DA:79,0
DA:81,0
DA:85,0
DA:91,0
DA:92,0
DA:93,0
DA:97,0
DA:98,0
LF:32
LH:0
end_of_record
SF:lib/src/core/notifications/push_notification_service.dart
DA:33,1
DA:46,0
DA:48,0
DA:51,0
DA:72,1
DA:74,3
DA:77,4
DA:80,3
DA:82,1
DA:85,1
DA:87,2
DA:96,1
DA:98,4
DA:101,4
DA:105,3
DA:107,0
DA:108,0
DA:114,1
DA:117,0
DA:126,1
DA:127,1
DA:128,2
DA:129,1
DA:130,1
DA:131,1
DA:132,1
DA:134,1
DA:140,2
DA:141,1
DA:145,1
DA:147,3
DA:149,2
DA:150,1
DA:156,0
DA:161,0
DA:167,2
DA:170,1
DA:171,1
DA:174,1
DA:175,1
DA:179,1
DA:180,1
DA:183,2
DA:184,1
DA:185,1
DA:187,2
DA:194,1
DA:195,1
DA:198,2
DA:200,1
DA:201,1
DA:203,2
DA:214,1
DA:215,1
DA:217,1
DA:220,1
DA:224,1
DA:228,1
DA:229,1
DA:236,1
DA:237,1
DA:240,3
DA:242,2
DA:248,0
DA:251,0
DA:254,1
DA:255,1
DA:258,2
DA:260,2
DA:265,1
DA:266,1
DA:269,2
DA:271,2
DA:275,0
DA:276,0
DA:277,0
DA:279,0
DA:284,0
DA:288,0
DA:289,0
DA:291,0
DA:293,0
DA:295,0
DA:296,0
DA:298,0
DA:299,0
DA:301,0
DA:303,0
DA:304,0
DA:307,0
DA:309,0
DA:310,0
DA:313,0
DA:314,0
DA:316,0
DA:320,0
DA:321,0
LF:97
LH:63
end_of_record
SF:lib/src/core/pro_video_editor/pro_video_editor_repository_impl.dart
DA:17,4
DA:19,0
DA:21,0
DA:24,0
DA:26,0
DA:29,0
DA:31,0
DA:34,0
DA:36,0
DA:39,0
DA:41,0
DA:44,0
DA:46,0
DA:48,0
DA:50,0
DA:51,0
DA:58,0
DA:59,0
DA:60,0
DA:62,0
DA:63,0
DA:64,0
DA:65,0
DA:67,0
DA:71,0
DA:73,0
DA:75,0
DA:76,0
DA:78,0
DA:82,0
DA:85,0
DA:89,0
DA:91,0
DA:92,0
DA:93,0
DA:94,0
DA:95,0
DA:96,0
DA:97,0
DA:98,0
DA:99,0
DA:100,0
DA:101,0
DA:102,0
DA:103,0
DA:104,0
DA:105,0
DA:116,0
DA:122,0
DA:123,0
DA:124,0
DA:132,0
DA:137,0
DA:139,0
DA:143,0
DA:149,0
DA:152,0
DA:158,0
DA:164,0
DA:165,0
DA:166,0
LF:61
LH:1
end_of_record
SF:lib/src/core/ui/theme/data/repositories/theme_repository_impl.dart
DA:8,0
DA:11,0
DA:13,0
DA:16,0
DA:19,0
DA:21,0
DA:23,0
LF:7
LH:0
end_of_record
SF:lib/src/core/l10n/app_localizations_en.dart
DA:9,28
DA:11,1
DA:14,0
DA:17,0
DA:20,2
DA:23,0
DA:26,0
DA:29,0
DA:32,0
DA:35,0
DA:38,0
DA:41,2
DA:44,1
DA:47,1
DA:50,2
DA:53,0
DA:56,1
DA:59,1
DA:62,2
DA:65,0
DA:68,0
DA:71,0
DA:74,0
DA:77,0
DA:80,0
DA:83,0
DA:86,0
DA:89,0
DA:92,0
DA:95,0
DA:98,0
DA:101,0
DA:104,0
DA:107,0
DA:110,0
DA:113,0
DA:116,0
DA:119,0
DA:121,0
DA:124,0
DA:127,0
DA:130,0
DA:134,0
DA:137,0
DA:140,0
DA:143,0
DA:146,0
DA:149,0
DA:153,0
DA:157,0
DA:160,0
DA:163,0
DA:166,0
DA:170,0
DA:174,0
DA:177,0
DA:180,0
DA:184,0
DA:188,0
DA:192,0
DA:195,0
DA:198,0
DA:201,0
DA:204,0
DA:207,0
DA:211,0
DA:214,0
DA:218,0
DA:221,0
DA:224,0
DA:227,0
DA:230,0
DA:233,0
DA:236,0
DA:239,0
DA:242,0
DA:245,0
DA:249,0
DA:252,0
DA:255,0
DA:258,0
DA:261,0
DA:264,1
DA:267,0
DA:270,0
DA:273,0
DA:276,0
DA:279,0
DA:282,0
DA:285,0
DA:288,0
DA:291,0
DA:294,0
DA:297,0
DA:300,0
DA:303,0
DA:306,0
DA:309,0
DA:312,0
DA:315,0
DA:318,0
DA:321,0
DA:324,0
DA:327,0
DA:329,0
DA:332,0
DA:334,0
DA:337,0
DA:340,0
DA:344,0
DA:347,0
DA:349,0
DA:352,0
DA:355,0
DA:358,0
DA:361,0
DA:364,0
DA:367,0
[...]
end_of_record
SF:lib/src/features/profile/providers/profile_reposts_provider.dart
DA:24,0
DA:26,0
DA:28,0
DA:31,0
DA:32,0
DA:41,0
DA:46,0
DA:47,0
DA:49,0
DA:50,0
DA:51,0
DA:53,0
DA:56,0
DA:57,0
DA:61,0
DA:64,0
DA:67,0
DA:68,0
DA:69,0
DA:70,0
DA:72,0
DA:74,0
DA:77,0
DA:78,0
DA:79,0
DA:84,0
DA:85,0
DA:92,0
DA:94,0
DA:100,0
DA:107,0
DA:116,0
DA:119,0
DA:120,0
DA:124,0
DA:128,0
DA:129,0
DA:131,0
DA:132,0
DA:134,0
DA:139,0
DA:140,0
DA:141,0
DA:145,0
DA:147,0
DA:148,0
DA:150,0
DA:154,0
DA:156,0
DA:157,0
DA:159,0
DA:160,0
LF:52
LH:0
end_of_record
SF:lib/src/features/profile/ui/widgets/blocks_list_view.dart
DA:16,0
DA:24,0
DA:26,0
DA:27,0
DA:28,0
DA:31,0
DA:32,0
DA:33,0
DA:34,0
DA:35,0
DA:43,0
DA:44,0
DA:46,0
DA:47,0
DA:48,0
DA:49,0
DA:50,0
DA:53,0
DA:54,0
DA:56,0
DA:57,0
DA:58,0
DA:59,0
DA:60,0
DA:61,0
DA:62,0
DA:63,0
LF:27
LH:0
end_of_record
SF:lib/src/features/profile/ui/widgets/profile_grid_tab.dart
DA:13,0
DA:24,0
DA:26,0
DA:27,0
DA:30,0
DA:31,0
DA:32,0
DA:33,0
DA:34,0
DA:35,0
DA:38,0
DA:42,0
DA:47,0
DA:50,0
DA:54,0
DA:58,0
LF:16
LH:0
end_of_record
SF:lib/src/features/profile/ui/widgets/profile_likes_tab.dart
DA:15,0
DA:26,0
DA:29,0
DA:31,0
DA:32,0
DA:33,0
DA:34,0
DA:35,0
DA:36,0
DA:37,0
DA:40,0
DA:44,0
DA:49,0
DA:57,0
DA:65,0
DA:71,0
DA:73,0
DA:74,0
DA:76,0
DA:78,0
DA:79,0
DA:80,0
DA:81,0
DA:82,0
DA:84,0
DA:85,0
DA:87,0
DA:90,0
DA:92,0
DA:93,0
DA:105,0
DA:107,0
DA:108,0
DA:110,0
DA:117,0
DA:118,0
DA:119,0
DA:125,0
DA:127,0
DA:129,0
DA:133,0
DA:136,0
DA:137,0
DA:139,0
DA:146,0
DA:147,0
DA:148,0
DA:149,0
DA:150,0
DA:152,0
DA:153,0
DA:162,0
DA:163,0
DA:164,0
DA:165,0
DA:167,0
DA:170,0
DA:171,0
DA:173,0
DA:176,0
DA:177,0
DA:178,0
DA:179,0
DA:180,0
LF:64
LH:0
end_of_record
SF:lib/src/features/profile/ui/widgets/profile_reposts_tab.dart
DA:15,0
DA:26,0
DA:29,0
DA:31,0
DA:32,0
DA:33,0
DA:34,0
DA:35,0
DA:36,0
DA:37,0
DA:40,0
DA:44,0
DA:49,0
DA:57,0
DA:65,0
DA:71,0
DA:73,0
DA:74,0
DA:76,0
DA:78,0
DA:79,0
DA:80,0
DA:81,0
DA:82,0
DA:84,0
DA:85,0
DA:87,0
DA:90,0
DA:92,0
DA:93,0
DA:105,0
DA:107,0
DA:108,0
DA:110,0
DA:117,0
DA:118,0
DA:119,0
DA:125,0
DA:127,0
DA:129,0
DA:133,0
DA:136,0
DA:137,0
DA:139,0
DA:146,0
DA:147,0
DA:148,0
DA:149,0
DA:150,0
DA:152,0
DA:153,0
DA:162,0
DA:163,0
DA:164,0
DA:165,0
DA:167,0
DA:170,0
DA:171,0
DA:173,0
DA:176,0
DA:177,0
DA:178,0
DA:179,0
DA:180,0
LF:64
LH:0
end_of_record
SF:lib/src/features/profile/ui/widgets/profile_tab_base.dart
DA:6,0
LF:1
LH:0
end_of_record
SF:lib/src/features/profile/ui/widgets/profile_feed_post_widget.dart
DA:20,0
DA:42,0
DA:44,0
DA:58,0
DA:60,0
DA:61,0
DA:62,0
DA:63,0
DA:64,0
DA:69,0
DA:70,0
DA:71,0
DA:75,0
DA:77,0
DA:78,0
DA:81,0
DA:85,0
DA:89,0
DA:92,0
DA:94,0
DA:101,0
DA:102,0
DA:107,0
DA:108,0
DA:112,0
DA:113,0
DA:115,0
DA:116,0
DA:119,0
DA:120,0
DA:121,0
DA:122,0
DA:130,0
DA:131,0
DA:132,0
DA:134,0
DA:135,0
DA:140,0
DA:146,0
DA:147,0
DA:148,0
DA:149,0
DA:150,0
DA:151,0
DA:155,0
DA:156,0
DA:157,0
DA:158,0
DA:163,0
DA:164,0
DA:165,0
DA:166,0
DA:172,0
DA:174,0
DA:175,0
DA:176,0
DA:177,0
DA:196,0
DA:198,0
DA:199,0
DA:201,0
DA:202,0
DA:205,0
DA:206,0
DA:207,0
DA:208,0
DA:210,0
DA:211,0
DA:212,0
DA:213,0
DA:214,0
DA:217,0
DA:218,0
DA:220,0
DA:221,0
DA:223,0
DA:224,0
DA:225,0
DA:226,0
DA:236,0
DA:237,0
DA:239,0
DA:240,0
DA:242,0
DA:243,0
DA:245,0
DA:246,0
DA:254,0
DA:255,0
DA:256,0
DA:257,0
DA:258,0
DA:261,0
DA:262,0
LF:94
LH:0
end_of_record
SF:lib/src/features/profile/ui/widgets/user_list_view.dart
DA:19,0
DA:28,0
DA:30,0
DA:31,0
DA:32,0
DA:34,0
DA:35,0
DA:36,0
DA:37,0
DA:39,0
DA:46,0
DA:47,0
DA:49,0
DA:50,0
DA:51,0
DA:59,0
DA:60,0
DA:61,0
DA:63,0
DA:64,0
DA:65,0
DA:66,0
DA:67,0
DA:68,0
DA:69,0
DA:70,0
DA:71,0
DA:74,0
DA:76,0
DA:80,0
DA:81,0
DA:84,0
DA:85,0
DA:87,0
DA:88,0
DA:89,0
DA:90,0
DA:91,0
DA:92,0
DA:93,0
DA:94,0
LF:41
LH:0
end_of_record
SF:lib/src/features/profile/ui/widgets/profile_grid_widget.dart
DA:12,0
DA:21,0
DA:22,0
DA:25,0
DA:26,0
DA:28,0
DA:30,0
DA:31,0
DA:32,0
DA:33,0
DA:34,0
DA:36,0
DA:37,0
DA:44,0
DA:47,0
DA:51,0
DA:52,0
DA:64,0
DA:66,0
DA:67,0
DA:69,0
DA:76,0
DA:77,0
DA:78,0
DA:84,0
DA:86,0
DA:88,0
DA:92,0
DA:95,0
DA:96,0
DA:98,0
DA:105,0
DA:106,0
DA:107,0
DA:108,0
DA:109,0
DA:110,0
DA:119,0
DA:120,0
DA:121,0
DA:122,0
DA:124,0
DA:127,0
DA:128,0
DA:131,0
DA:132,0
DA:133,0
DA:134,0
DA:138,0
DA:140,0
DA:141,0
DA:152,0
DA:161,0
DA:162,0
DA:163,0
DA:167,0
DA:170,0
DA:172,0
DA:173,0
DA:176,0
DA:178,0
DA:179,0
DA:180,0
DA:181,0
DA:182,0
DA:190,0
DA:195,0
LF:67
LH:0
end_of_record
SF:lib/src/features/stories/utils/story_navigation.dart
DA:10,0
DA:16,0
DA:21,0
DA:24,0
DA:25,0
DA:27,0
DA:28,0
DA:29,0
DA:31,0
DA:32,0
DA:33,0
DA:34,0
DA:35,0
DA:36,0
DA:37,0
DA:40,0
DA:41,0
DA:44,0
DA:45,0
LF:19
LH:0
end_of_record
SF:lib/src/features/search/providers/search_debounce_scheduler.dart
DA:8,7
DA:11,1
DA:12,1
DA:13,1
LF:4
LH:4
end_of_record
SF:lib/src/features/search/providers/post_search_provider.dart
DA:34,0
DA:44,0
DA:46,0
DA:47,0
DA:48,0
DA:49,0
DA:52,0
DA:54,0
DA:57,0
DA:59,0
DA:62,0
DA:67,0
DA:68,0
DA:69,0
DA:71,0
DA:72,0
DA:73,0
DA:74,0
DA:76,0
DA:81,0
DA:82,0
DA:86,0
DA:88,0
DA:89,0
DA:90,0
DA:91,0
DA:93,0
DA:94,0
DA:97,0
DA:99,0
DA:100,0
DA:107,0
DA:108,0
DA:109,0
DA:113,3
DA:114,0
DA:115,0
DA:116,0
DA:117,0
DA:121,4
DA:122,3
DA:135,1
DA:137,4
DA:138,3
DA:139,2
DA:142,1
DA:146,1
DA:147,1
DA:150,4
DA:152,1
DA:159,1
DA:160,0
DA:161,0
DA:166,4
DA:169,2
DA:170,2
DA:171,5
DA:173,2
DA:178,1
DA:179,1
DA:181,2
DA:183,4
DA:185,1
DA:192,1
DA:193,2
DA:194,4
DA:198,2
DA:199,1
DA:203,1
DA:204,1
DA:205,5
DA:209,4
DA:212,2
DA:214,2
DA:215,2
DA:216,3
DA:220,1
DA:221,1
DA:223,2
DA:225,4
DA:233,4
DA:234,4
DA:235,0
DA:238,2
DA:239,2
DA:240,3
DA:244,3
DA:245,5
DA:250,1
DA:251,2
DA:254,1
DA:255,2
DA:259,2
DA:261,4
DA:264,1
DA:266,0
DA:270,0
DA:271,0
DA:273,2
DA:274,2
DA:275,2
DA:276,4
DA:281,1
DA:282,2
DA:284,2
DA:285,1
DA:286,2
DA:288,2
DA:289,2
DA:290,3
DA:294,1
DA:295,4
DA:296,4
DA:301,0
DA:302,2
DA:303,0
DA:308,2
DA:309,0
DA:310,0
DA:312,0
DA:313,0
DA:314,0
DA:318,0
DA:319,0
DA:320,0
DA:321,0
DA:326,0
DA:327,0
DA:328,0
DA:329,0
DA:334,1
DA:335,3
DA:340,1
DA:341,2
DA:342,3
DA:343,1
LF:136
LH:77
end_of_record
SF:lib/src/features/search/providers/post_search_provider.g.dart
DA:14,3
DA:20,1
DA:21,1
DA:31,1
DA:32,1
DA:34,1
DA:36,1
DA:39,0
DA:40,0
DA:42,0
DA:47,1
DA:53,1
DA:56,1
DA:58,1
DA:65,2
LF:15
LH:12
end_of_record
SF:lib/src/features/search/providers/post_search_state.dart
DA:35,1
DA:38,0
DA:39,0
LF:3
LH:1
end_of_record
SF:lib/src/features/search/providers/post_search_state.g.dart
DA:9,0
DA:10,0
DA:11,0
DA:13,0
DA:14,0
DA:15,0
DA:17,0
DA:18,0
DA:19,0
DA:20,0
DA:21,0
DA:24,0
DA:25,0
DA:26,0
DA:27,0
DA:28,0
DA:29,0
DA:30,0
DA:31,0
DA:32,0
LF:20
LH:0
end_of_record
SF:lib/src/features/search/providers/search_state.dart
DA:32,1
DA:35,0
DA:36,0
LF:3
LH:1
end_of_record
SF:lib/src/features/search/providers/search_state.g.dart
DA:9,0
DA:10,0
DA:12,0
DA:13,0
DA:14,0
DA:16,0
DA:17,0
DA:18,0
DA:19,0
DA:22,0
DA:23,0
DA:24,0
DA:25,0
DA:26,0
DA:27,0
DA:28,0
DA:29,0
LF:17
LH:0
end_of_record
SF:lib/src/features/search/providers/suggested_feeds_provider.dart
DA:14,4
DA:15,1
DA:16,3
DA:18,1
DA:22,2
DA:25,2
DA:35,1
DA:36,1
DA:40,2
DA:41,2
DA:43,2
DA:48,2
LF:12
LH:12
end_of_record
SF:lib/src/features/search/providers/suggested_feeds_provider.g.dart
DA:14,3
DA:20,1
DA:21,1
DA:31,1
DA:32,1
DA:34,1
DA:36,1
DA:39,1
DA:45,1
DA:49,1
DA:51,1
DA:58,2
LF:12
LH:12
end_of_record
SF:lib/src/features/search/ui/pages/post_results.dart
DA:12,4
DA:14,0
DA:15,0
DA:22,0
DA:25,0
DA:27,0
DA:28,0
DA:31,0
DA:33,0
DA:34,0
DA:35,0
DA:36,0
DA:39,0
DA:40,0
DA:41,0
DA:42,0
DA:46,0
DA:48,0
DA:49,0
DA:50,0
DA:52,0
DA:61,0
DA:62,0
DA:63,0
DA:65,0
DA:67,0
DA:68,0
DA:71,0
DA:74,0
DA:76,0
DA:77,0
DA:81,0
DA:82,0
DA:83,0
DA:84,0
DA:94,0
DA:95,0
DA:96,0
DA:98,0
DA:100,0
DA:101,0
DA:104,0
DA:109,0
DA:111,0
DA:112,0
DA:116,0
DA:118,0
DA:119,0
DA:130,0
DA:131,0
DA:132,0
DA:134,0
DA:136,0
DA:137,0
DA:140,0
DA:145,0
DA:147,0
DA:148,0
DA:152,0
DA:154,0
DA:155,0
DA:166,0
DA:167,0
DA:168,0
DA:170,0
DA:172,0
DA:179,0
DA:180,0
DA:184,0
DA:185,0
DA:186,0
DA:187,0
DA:188,0
DA:189,0
DA:192,0
DA:193,0
DA:195,0
DA:196,0
DA:197,0
DA:200,0
DA:201,0
DA:202,0
DA:206,0
DA:211,0
DA:212,0
DA:220,0
LF:86
LH:1
end_of_record
SF:lib/src/features/search/ui/pages/user_results.dart
DA:12,4
DA:14,0
DA:15,0
DA:22,0
DA:25,0
DA:27,0
DA:28,0
DA:31,0
DA:33,0
DA:34,0
DA:35,0
DA:36,0
DA:39,0
DA:40,0
DA:41,0
DA:43,0
DA:47,0
DA:49,0
DA:50,0
DA:51,0
DA:53,0
DA:62,0
DA:63,0
DA:64,0
DA:66,0
DA:68,0
DA:69,0
DA:72,0
DA:75,0
DA:77,0
DA:78,0
DA:82,0
DA:83,0
DA:84,0
DA:85,0
DA:95,0
DA:96,0
DA:97,0
DA:99,0
DA:101,0
DA:102,0
DA:105,0
DA:110,0
DA:112,0
DA:113,0
DA:117,0
DA:119,0
DA:120,0
DA:131,0
DA:132,0
DA:133,0
DA:135,0
DA:137,0
DA:138,0
DA:141,0
DA:146,0
DA:148,0
DA:149,0
DA:153,0
DA:155,0
DA:156,0
DA:167,0
DA:168,0
DA:169,0
DA:171,0
DA:172,0
DA:175,0
DA:176,0
DA:184,0
DA:187,0
DA:188,0
DA:190,0
DA:192,0
DA:193,0
DA:194,0
DA:195,0
DA:196,0
DA:198,0
DA:199,0
DA:201,0
DA:203,0
DA:204,0
DA:205,0
DA:209,0
DA:210,0
DA:211,0
DA:214,0
DA:220,0
DA:221,0
DA:222,0
DA:223,0
DA:224,0
DA:225,0
DA:226,0
DA:227,0
DA:228,0
DA:229,0
LF:97
LH:1
end_of_record
SF:lib/src/features/search/ui/widgets/suggested_feeds_list.dart
DA:11,4
DA:13,0
DA:15,0
DA:16,0
DA:18,0
DA:20,0
DA:21,0
DA:23,0
DA:25,0
DA:28,0
DA:32,0
DA:33,0
DA:34,0
DA:36,0
DA:37,0
DA:38,0
DA:39,0
DA:40,0
DA:46,0
DA:47,0
DA:48,0
DA:50,0
DA:51,0
DA:53,0
DA:54,0
DA:62,0
DA:66,0
DA:67,0
DA:68,0
DA:71,0
DA:73,0
DA:78,0
DA:79,0
DA:80,0
DA:86,0
DA:87,0
DA:91,0
DA:92,0
DA:93,0
DA:96,0
DA:102,0
DA:104,0
DA:107,0
DA:108,0
DA:110,0
DA:112,0
DA:113,0
DA:115,0
DA:116,0
DA:117,0
DA:118,0
DA:121,0
DA:122,0
DA:124,0
DA:126,0
DA:127,0
DA:130,0
DA:131,0
DA:132,0
DA:133,0
DA:134,0
DA:136,0
DA:144,0
DA:145,0
DA:149,0
DA:150,0
DA:152,0
DA:155,0
DA:158,0
DA:159,0
LF:70
LH:1
end_of_record
SF:lib/src/features/stories/providers/stories_by_author.g.dart
DA:13,3
DA:48,1
DA:51,1
DA:59,1
DA:60,1
DA:62,0
DA:64,0
DA:66,0
DA:69,1
DA:74,1
DA:76,1
DA:81,1
DA:82,1
DA:85,1
DA:87,4
DA:90,1
DA:92,2
DA:96,1
DA:109,1
DA:110,1
DA:118,1
DA:119,1
DA:124,0
LF:23
LH:19
end_of_record
SF:lib/src/features/stories/providers/stories_by_author.dart
DA:8,1
DA:13,2
DA:14,2
LF:3
LH:3
end_of_record
SF:lib/src/features/stories/ui/widgets/stories_list.dart
DA:14,4
DA:16,0
DA:17,0
DA:23,0
DA:24,0
DA:25,0
DA:29,0
DA:31,0
DA:33,0
DA:35,0
DA:36,0
DA:38,0
DA:39,0
DA:40,0
DA:42,0
DA:45,0
DA:49,0
DA:51,0
DA:52,0
DA:57,0
DA:59,0
DA:60,0
DA:61,0
DA:62,0
DA:63,0
DA:64,0
DA:65,0
DA:70,0
DA:71,0
DA:72,0
DA:74,0
DA:77,0
DA:78,0
DA:80,0
DA:81,0
DA:82,0
DA:83,0
DA:84,0
DA:85,0
DA:86,0
DA:87,0
DA:90,0
DA:91,0
DA:92,0
DA:94,0
DA:103,0
DA:104,0
DA:106,0
DA:107,0
DA:108,0
DA:109,0
DA:111,0
DA:115,0
DA:117,0
DA:118,0
DA:119,0
LF:56
LH:1
end_of_record
SF:lib/src/features/settings/ui/widgets/settings_feed_card.dart
DA:16,1
DA:29,3
DA:31,4
DA:33,2
DA:35,0
DA:36,0
DA:38,1
DA:39,1
DA:40,4
DA:43,1
DA:44,1
DA:45,0
DA:47,1
DA:50,0
DA:52,0
DA:54,0
DA:55,0
DA:59,0
DA:61,0
DA:63,0
DA:64,0
DA:68,0
DA:75,0
DA:76,0
DA:78,0
DA:79,0
DA:83,0
DA:84,0
DA:85,0
DA:87,0
DA:90,1
DA:92,1
DA:94,1
DA:95,1
DA:96,1
DA:97,1
DA:98,1
DA:99,1
DA:100,1
DA:101,1
DA:103,2
DA:104,1
DA:105,3
DA:106,0
DA:108,2
DA:109,0
DA:111,1
DA:112,0
DA:119,1
DA:143,1
DA:145,3
DA:146,1
DA:149,2
DA:150,0
DA:153,1
DA:156,1
DA:161,3
DA:164,1
DA:166,1
DA:168,1
DA:169,1
DA:171,1
DA:173,1
DA:174,1
DA:175,1
DA:177,1
DA:178,1
DA:179,1
DA:181,2
DA:183,1
DA:192,0
DA:197,0
DA:200,0
DA:202,0
DA:204,0
DA:205,0
DA:207,0
DA:209,0
DA:211,0
DA:212,0
DA:213,0
DA:215,0
DA:217,0
DA:219,0
DA:227,1
DA:228,1
DA:229,1
DA:230,1
DA:233,2
DA:234,0
DA:235,0
DA:239,0
DA:240,0
DA:242,1
DA:247,1
DA:248,1
DA:250,1
DA:251,1
DA:260,1
DA:261,1
DA:264,1
DA:265,1
DA:266,1
DA:271,1
DA:273,0
DA:274,0
DA:284,0
DA:285,0
DA:286,0
DA:287,0
DA:290,0
DA:295,1
DA:296,1
DA:298,1
DA:299,1
DA:300,1
DA:301,1
DA:303,1
DA:304,1
DA:305,1
DA:306,1
DA:307,2
DA:310,1
DA:311,0
DA:312,1
DA:317,0
DA:318,0
DA:320,0
DA:321,0
DA:322,0
DA:323,0
DA:325,0
DA:326,0
DA:327,0
LF:134
LH:75
end_of_record
SF:lib/src/features/settings/ui/widgets/label_setting_tile.dart
DA:5,1
DA:27,1
DA:29,1
DA:30,1
DA:32,1
DA:34,1
DA:36,1
DA:38,1
DA:40,1
DA:41,1
DA:42,1
DA:44,1
DA:47,1
DA:49,0
DA:50,0
DA:51,0
DA:52,0
DA:57,1
DA:58,1
DA:59,2
DA:60,3
DA:61,1
DA:62,1
DA:64,1
DA:65,1
DA:66,3
DA:67,1
DA:69,1
DA:70,1
DA:72,1
DA:73,1
DA:75,1
DA:76,1
DA:80,1
DA:81,2
DA:87,1
DA:91,1
DA:93,0
DA:95,0
DA:97,0
DA:101,0
DA:102,0
DA:103,0
DA:104,0
DA:105,0
DA:107,0
DA:108,0
DA:109,0
DA:110,0
DA:112,0
DA:113,0
DA:115,0
DA:116,0
DA:118,0
DA:119,0
DA:123,0
DA:124,0
DA:130,0
LF:58
LH:33
end_of_record
SF:lib/src/features/sound/providers/sound_page_provider.g.dart
DA:13,3
DA:17,1
DA:20,1
DA:28,1
DA:29,1
DA:31,0
DA:33,0
DA:35,0
DA:38,1
DA:40,1
DA:42,1
DA:44,4
DA:47,1
DA:49,2
DA:53,1
DA:64,1
DA:65,1
DA:73,1
DA:74,1
DA:76,0
DA:81,3
DA:82,2
DA:85,1
DA:88,1
DA:90,1
DA:97,4
LF:26
LH:22
end_of_record
SF:lib/src/features/sound/providers/sound_page_provider.dart
DA:12,3
DA:13,0
DA:16,3
DA:17,0
DA:26,1
DA:28,4
DA:29,4
DA:31,2
DA:36,1
DA:38,2
DA:41,1
DA:43,1
DA:44,1
DA:45,1
DA:48,2
DA:49,1
DA:57,1
DA:58,4
DA:60,1
DA:61,2
DA:63,0
DA:68,2
DA:69,1
DA:71,1
DA:74,3
DA:76,2
DA:77,2
DA:79,1
DA:80,1
DA:84,2
DA:85,1
DA:90,1
DA:94,1
DA:96,2
DA:97,1
DA:101,1
DA:103,0
DA:106,2
DA:107,1
DA:109,1
DA:110,1
DA:111,1
DA:115,2
DA:116,1
DA:120,2
LF:45
LH:41
end_of_record
SF:lib/src/features/sound/providers/sound_page_state.dart
DA:17,1
LF:1
LH:1
end_of_record
SF:lib/src/features/sound/ui/widgets/sound_header_card.dart
DA:14,0
DA:18,0
DA:19,0
DA:23,0
DA:24,0
DA:25,0
DA:27,0
DA:28,0
DA:30,0
DA:33,0
DA:35,0
DA:36,0
DA:37,0
DA:39,0
DA:42,0
DA:44,0
DA:45,0
DA:46,0
DA:47,0
DA:48,0
DA:50,0
DA:51,0
DA:55,0
DA:57,0
DA:59,0
DA:60,0
DA:61,0
DA:66,0
DA:67,0
DA:69,0
DA:71,0
DA:72,0
DA:73,0
DA:75,0
DA:76,0
DA:77,0
DA:78,0
DA:79,0
DA:91,0
DA:92,0
DA:93,0
DA:94,0
DA:95,0
DA:98,0
DA:99,0
DA:100,0
DA:101,0
DA:111,0
DA:116,0
DA:118,0
DA:120,0
DA:122,0
DA:123,0
DA:125,0
DA:128,0
DA:129,0
DA:130,0
DA:131,0
DA:147,0
DA:152,0
DA:153,0
DA:162,0
DA:164,0
DA:165,0
DA:166,0
DA:169,0
DA:170,0
DA:171,0
DA:172,0
DA:173,0
DA:178,0
DA:179,0
DA:180,0
DA:181,0
DA:186,0
DA:187,0
DA:188,0
DA:189,0
DA:194,0
DA:195,0
DA:196,0
DA:197,0
DA:198,0
DA:204,0
DA:206,0
DA:207,0
DA:210,0
DA:211,0
DA:213,0
DA:214,0
DA:216,0
DA:217,0
DA:219,0
DA:224,0
DA:225,0
DA:226,0
DA:229,0
DA:231,0
DA:232,0
DA:233,0
DA:235,0
DA:236,0
DA:237,0
DA:240,0
DA:241,0
DA:243,0
DA:246,0
DA:247,0
DA:248,0
DA:249,0
DA:251,0
DA:254,0
DA:255,0
DA:258,0
DA:259,0
DA:260,0
DA:266,0
DA:267,0
DA:268,0
DA:270,0
DA:271,0
DA:273,0
DA:281,0
DA:282,0
DA:283,0
DA:284,0
DA:285,0
DA:297,0
DA:305,0
DA:310,0
DA:313,0
DA:315,0
DA:317,0
DA:320,0
DA:322,0
DA:323,0
DA:324,0
DA:325,0
DA:334,0
DA:337,0
DA:338,0
DA:340,0
DA:348,0
DA:349,0
LF:144
LH:0
end_of_record
SF:lib/src/features/stories/providers/story_provider_dependencies.dart
DA:13,1
DA:20,1
DA:30,1
DA:46,3
DA:47,3
DA:50,3
DA:53,0
DA:54,0
DA:55,0
DA:56,0
DA:57,0
DA:58,0
DA:60,0
DA:62,0
DA:63,0
DA:64,0
DA:71,0
DA:72,0
DA:73,0
DA:74,0
DA:76,0
DA:79,0
DA:80,0
DA:81,0
DA:85,3
DA:88,0
DA:91,3
LF:27
LH:8
end_of_record
SF:lib/src/features/stories/providers/story_auto_delete_provider.g.dart
DA:14,3
DA:20,1
DA:21,1
DA:31,1
DA:32,1
DA:34,1
DA:36,1
DA:39,1
DA:46,1
DA:49,1
DA:51,1
DA:58,2
DA:66,3
DA:76,1
DA:77,1
DA:87,1
DA:88,1
DA:90,1
DA:93,1
DA:95,1
DA:97,1
DA:101,1
LF:22
LH:22
end_of_record
SF:lib/src/features/stories/providers/story_auto_delete_provider.dart
DA:9,3
DA:10,0
DA:16,1
DA:18,3
DA:19,1
DA:22,1
DA:27,1
DA:28,3
DA:29,1
DA:31,2
DA:37,1
DA:39,3
DA:42,2
DA:43,2
DA:44,1
DA:45,1
DA:49,1
DA:50,4
DA:52,2
DA:53,2
DA:54,2
DA:56,1
DA:57,2
DA:59,2
DA:60,1
DA:63,1
DA:66,1
DA:68,2
DA:70,3
DA:72,3
DA:78,3
DA:80,0
LF:32
LH:30
end_of_record
SF:lib/src/features/stories/providers/story_manager_provider.g.dart
DA:13,3
DA:17,1
DA:18,1
DA:28,1
DA:29,1
DA:31,1
DA:33,1
DA:36,1
DA:40,1
DA:44,1
DA:46,1
DA:53,2
LF:12
LH:12
end_of_record
SF:lib/src/features/stories/providers/story_manager_provider.dart
DA:12,1
DA:21,1
DA:26,1
DA:27,0
DA:28,1
DA:39,1
DA:41,4
DA:42,4
DA:43,5
DA:44,1
DA:47,1
DA:49,2
DA:51,1
DA:54,2
DA:55,1
DA:61,1
DA:63,3
DA:67,2
DA:68,2
DA:70,1
DA:72,1
DA:73,0
DA:75,3
DA:79,5
DA:81,1
DA:83,2
DA:84,2
DA:88,1
DA:89,1
DA:90,3
DA:93,1
DA:94,2
DA:98,2
DA:99,5
DA:100,3
DA:101,4
DA:103,2
DA:105,1
LF:38
LH:36
end_of_record
SF:lib/src/features/stories/ui/pages/author_stories_page.dart
DA:14,0
DA:35,0
DA:36,0
DA:51,0
DA:53,0
DA:54,0
DA:56,0
DA:58,0
DA:59,0
DA:60,0
DA:63,0
DA:65,0
DA:66,0
DA:68,0
DA:69,0
DA:72,0
DA:73,0
DA:74,0
DA:75,0
DA:77,0
DA:80,0
DA:81,0
DA:82,0
DA:85,0
DA:88,0
DA:89,0
DA:91,0
DA:92,0
DA:96,0
DA:97,0
DA:98,0
DA:99,0
DA:100,0
DA:101,0
DA:102,0
DA:103,0
DA:108,0
DA:109,0
DA:112,0
DA:113,0
DA:114,0
DA:115,0
DA:116,0
DA:120,0
DA:121,0
DA:122,0
DA:123,0
DA:125,0
DA:126,0
DA:127,0
DA:131,0
DA:133,0
DA:134,0
DA:135,0
DA:136,0
DA:142,0
DA:143,0
DA:146,0
DA:147,0
DA:148,0
DA:150,0
DA:157,0
DA:158,0
DA:159,0
DA:160,0
DA:164,0
DA:165,0
DA:168,0
DA:169,0
DA:170,0
DA:171,0
DA:173,0
DA:180,0
DA:181,0
DA:182,0
DA:183,0
DA:187,0
DA:188,0
DA:189,0
DA:192,0
DA:193,0
DA:194,0
DA:195,0
DA:196,0
DA:197,0
DA:198,0
DA:199,0
DA:200,0
DA:205,0
DA:206,0
DA:207,0
DA:208,0
DA:209,0
DA:211,0
DA:213,0
DA:216,0
DA:217,0
DA:218,0
DA:222,0
DA:223,0
DA:224,0
DA:225,0
DA:226,0
DA:227,0
DA:228,0
DA:230,0
DA:231,0
DA:232,0
DA:233,0
DA:234,0
DA:239,0
DA:240,0
DA:241,0
DA:242,0
DA:243,0
DA:244,0
DA:248,0
DA:250,0
DA:251,0
DA:252,0
DA:255,0
DA:257,0
DA:258,0
DA:259,0
DA:260,0
DA:261,0
DA:262,0
DA:263,0
DA:264,0
DA:265,0
DA:266,0
DA:267,0
DA:268,0
DA:269,0
DA:270,0
DA:271,0
DA:273,0
DA:274,0
DA:275,0
DA:276,0
DA:277,0
DA:278,0
DA:279,0
DA:280,0
DA:281,0
DA:283,0
DA:284,0
DA:288,0
DA:289,0
DA:290,0
DA:292,0
DA:293,0
DA:294,0
DA:295,0
DA:296,0
DA:297,0
DA:298,0
DA:299,0
DA:303,0
DA:307,0
DA:308,0
DA:309,0
DA:310,0
DA:311,0
DA:312,0
DA:314,0
DA:315,0
DA:316,0
DA:318,0
DA:320,0
DA:321,0
DA:325,0
DA:327,0
DA:341,0
DA:345,0
DA:346,0
DA:347,0
DA:348,0
DA:349,0
DA:350,0
DA:351,0
DA:352,0
DA:356,0
DA:357,0
DA:362,0
DA:363,0
DA:365,0
DA:366,0
DA:367,0
DA:368,0
DA:377,0
DA:378,0
LF:192
LH:0
end_of_record
SF:lib/src/features/stories/ui/pages/story_page.dart
DA:15,0
DA:34,0
DA:35,0
DA:46,0
DA:48,0
DA:49,0
DA:50,0
DA:52,0
DA:55,0
DA:57,0
DA:58,0
DA:61,0
DA:63,0
DA:67,0
DA:68,0
DA:69,0
DA:71,0
DA:72,0
DA:73,0
DA:77,0
DA:78,0
DA:79,0
DA:80,0
DA:87,0
DA:88,0
DA:89,0
DA:90,0
DA:92,0
DA:93,0
DA:94,0
DA:98,0
DA:99,0
DA:100,0
DA:101,0
DA:102,0
DA:103,0
DA:106,0
DA:107,0
DA:108,0
DA:109,0
DA:110,0
DA:111,0
DA:112,0
DA:114,0
DA:118,0
DA:119,0
DA:120,0
DA:122,0
DA:131,0
DA:132,0
DA:135,0
DA:136,0
DA:139,0
DA:140,0
DA:141,0
DA:143,0
DA:146,0
DA:147,0
DA:148,0
DA:149,0
DA:150,0
DA:152,0
DA:155,0
DA:156,0
DA:159,0
DA:163,0
DA:165,0
DA:169,0
DA:177,0
DA:178,0
DA:179,0
DA:180,0
DA:181,0
DA:182,0
DA:183,0
DA:185,0
DA:188,0
DA:190,0
DA:191,0
DA:192,0
DA:193,0
DA:208,0
DA:211,0
DA:216,0
DA:218,0
DA:220,0
DA:221,0
DA:222,0
DA:223,0
DA:225,0
DA:232,0
DA:234,0
DA:235,0
DA:236,0
DA:237,0
DA:239,0
DA:242,0
DA:248,0
DA:250,0
DA:251,0
DA:252,0
DA:253,0
DA:257,0
DA:259,0
DA:261,0
DA:265,0
DA:266,0
DA:268,0
DA:272,0
DA:276,0
DA:277,0
DA:279,0
DA:283,0
DA:285,0
DA:289,0
DA:290,0
DA:292,0
DA:293,0
DA:296,0
DA:297,0
DA:306,0
DA:310,0
DA:311,0
DA:313,0
DA:314,0
DA:317,0
DA:318,0
DA:333,0
DA:337,0
DA:338,0
DA:339,0
DA:340,0
DA:344,0
DA:345,0
DA:346,0
DA:347,0
DA:348,0
DA:349,0
DA:352,0
DA:353,0
DA:354,0
DA:355,0
DA:356,0
DA:357,0
DA:358,0
DA:360,0
DA:362,0
DA:363,0
DA:364,0
DA:365,0
DA:366,0
DA:367,0
DA:368,0
DA:369,0
DA:371,0
DA:379,0
DA:380,0
DA:381,0
DA:383,0
DA:384,0
DA:385,0
DA:387,0
DA:393,0
DA:395,0
DA:396,0
DA:397,0
DA:399,0
DA:400,0
DA:402,0
DA:403,0
DA:406,0
DA:407,0
DA:408,0
LF:173
LH:0
end_of_record
SF:lib/src/core/auth/data/models/account.dart
DA:5,1
DA:19,0
DA:20,0
DA:21,0
DA:22,0
DA:23,0
DA:24,0
DA:25,0
DA:26,0
DA:27,0
DA:28,0
DA:29,0
DA:30,0
DA:31,0
DA:35,0
DA:36,0
DA:51,1
DA:52,1
DA:53,1
DA:54,1
DA:55,1
DA:56,1
DA:57,1
DA:58,1
DA:59,1
DA:60,1
DA:61,1
DA:62,1
DA:63,1
DA:67,3
DA:69,0
DA:82,0
DA:83,0
DA:84,0
DA:85,0
DA:86,0
DA:87,0
DA:88,0
DA:89,0
DA:90,0
DA:91,0
DA:92,0
DA:93,0
LF:43
LH:15
end_of_record
